[2020-07-09 14:52:33] local.ERROR: file_put_contents(C:\WEBSERVER\data\htdocs\apki-api\storage\framework/sessions/1v5B6pj8tK7fbS84EhNZqmXkVUdPR2VkDKdWiXAy): failed to open stream: No such file or directory {"exception":"[object] (ErrorException(code: 0): file_put_contents(C:\\WEBSERVER\\data\\htdocs\\apki-api\\storage\\framework/sessions/1v5B6pj8tK7fbS84EhNZqmXkVUdPR2VkDKdWiXAy): failed to open stream: No such file or directory at C:\\WEBSERVER\\data\\htdocs\\apki-api\\exchange\\vendor\\laravel\\framework\\src\\Illuminate\\Filesystem\\Filesystem.php:135)
[stacktrace]
#0 [internal function]: Illuminate\\Foundation\\Bootstrap\\HandleExceptions->handleError(2, 'file_put_conten...', 'C:\\\\WEBSERVER\\\\da...', 135, Array)
#1 C:\\WEBSERVER\\data\\htdocs\\apki-api\\exchange\\vendor\\laravel\\framework\\src\\Illuminate\\Filesystem\\Filesystem.php(135): file_put_contents('C:\\\\WEBSERVER\\\\da...', 'a:3:{s:6:\"_toke...', 2)
#2 C:\\WEBSERVER\\data\\htdocs\\apki-api\\exchange\\vendor\\laravel\\framework\\src\\Illuminate\\Session\\FileSessionHandler.php(83): Illuminate\\Filesystem\\Filesystem->put('C:\\\\WEBSERVER\\\\da...', 'a:3:{s:6:\"_toke...', true)
#3 C:\\WEBSERVER\\data\\htdocs\\apki-api\\exchange\\vendor\\laravel\\framework\\src\\Illuminate\\Session\\Store.php(129): Illuminate\\Session\\FileSessionHandler->write('1v5B6pj8tK7fbS8...', 'a:3:{s:6:\"_toke...')
#4 C:\\WEBSERVER\\data\\htdocs\\apki-api\\exchange\\vendor\\laravel\\framework\\src\\Illuminate\\Session\\Middleware\\StartSession.php(231): Illuminate\\Session\\Store->save()
#5 C:\\WEBSERVER\\data\\htdocs\\apki-api\\exchange\\vendor\\laravel\\framework\\src\\Illuminate\\Session\\Middleware\\StartSession.php(125): Illuminate\\Session\\Middleware\\StartSession->saveSession(Object(Illuminate\\Http\\Request))
#6 C:\\WEBSERVER\\data\\htdocs\\apki-api\\exchange\\vendor\\laravel\\framework\\src\\Illuminate\\Session\\Middleware\\StartSession.php(62): Illuminate\\Session\\Middleware\\StartSession->handleStatefulRequest(Object(Illuminate\\Http\\Request), Object(Illuminate\\Session\\Store), Object(Closure))
#7 C:\\WEBSERVER\\data\\htdocs\\apki-api\\exchange\\vendor\\laravel\\framework\\src\\Illuminate\\Pipeline\\Pipeline.php(167): Illuminate\\Session\\Middleware\\StartSession->handle(Object(Illuminate\\Http\\Request), Object(Closure))
#8 C:\\WEBSERVER\\data\\htdocs\\apki-api\\exchange\\vendor\\laravel\\framework\\src\\Illuminate\\Cookie\\Middleware\\AddQueuedCookiesToResponse.php(37): Illuminate\\Pipeline\\Pipeline->Illuminate\\Pipeline\\{closure}(Object(Illuminate\\Http\\Request))
#9 C:\\WEBSERVER\\data\\htdocs\\apki-api\\exchange\\vendor\\laravel\\framework\\src\\Illuminate\\Pipeline\\Pipeline.php(167): Illuminate\\Cookie\\Middleware\\AddQueuedCookiesToResponse->handle(Object(Illuminate\\Http\\Request), Object(Closure))
#10 C:\\WEBSERVER\\data\\htdocs\\apki-api\\exchange\\vendor\\laravel\\framework\\src\\Illuminate\\Cookie\\Middleware\\EncryptCookies.php(66): Illuminate\\Pipeline\\Pipeline->Illuminate\\Pipeline\\{closure}(Object(Illuminate\\Http\\Request))
#11 C:\\WEBSERVER\\data\\htdocs\\apki-api\\exchange\\vendor\\laravel\\framework\\src\\Illuminate\\Pipeline\\Pipeline.php(167): Illuminate\\Cookie\\Middleware\\EncryptCookies->handle(Object(Illuminate\\Http\\Request), Object(Closure))
#12 C:\\WEBSERVER\\data\\htdocs\\apki-api\\exchange\\vendor\\laravel\\framework\\src\\Illuminate\\Pipeline\\Pipeline.php(103): Illuminate\\Pipeline\\Pipeline->Illuminate\\Pipeline\\{closure}(Object(Illuminate\\Http\\Request))
#13 C:\\WEBSERVER\\data\\htdocs\\apki-api\\exchange\\vendor\\laravel\\framework\\src\\Illuminate\\Routing\\Router.php(687): Illuminate\\Pipeline\\Pipeline->then(Object(Closure))
#14 C:\\WEBSERVER\\data\\htdocs\\apki-api\\exchange\\vendor\\laravel\\framework\\src\\Illuminate\\Routing\\Router.php(662): Illuminate\\Routing\\Router->runRouteWithinStack(Object(Illuminate\\Routing\\Route), Object(Illuminate\\Http\\Request))
#15 C:\\WEBSERVER\\data\\htdocs\\apki-api\\exchange\\vendor\\laravel\\framework\\src\\Illuminate\\Routing\\Router.php(628): Illuminate\\Routing\\Router->runRoute(Object(Illuminate\\Http\\Request), Object(Illuminate\\Routing\\Route))
#16 C:\\WEBSERVER\\data\\htdocs\\apki-api\\exchange\\vendor\\laravel\\framework\\src\\Illuminate\\Routing\\Router.php(617): Illuminate\\Routing\\Router->dispatchToRoute(Object(Illuminate\\Http\\Request))
#17 C:\\WEBSERVER\\data\\htdocs\\apki-api\\exchange\\vendor\\laravel\\framework\\src\\Illuminate\\Foundation\\Http\\Kernel.php(165): Illuminate\\Routing\\Router->dispatch(Object(Illuminate\\Http\\Request))
#18 C:\\WEBSERVER\\data\\htdocs\\apki-api\\exchange\\vendor\\laravel\\framework\\src\\Illuminate\\Pipeline\\Pipeline.php(128): Illuminate\\Foundation\\Http\\Kernel->Illuminate\\Foundation\\Http\\{closure}(Object(Illuminate\\Http\\Request))
#19 C:\\WEBSERVER\\data\\htdocs\\apki-api\\exchange\\vendor\\laravel\\framework\\src\\Illuminate\\Foundation\\Http\\Middleware\\TransformsRequest.php(21): Illuminate\\Pipeline\\Pipeline->Illuminate\\Pipeline\\{closure}(Object(Illuminate\\Http\\Request))
#20 C:\\WEBSERVER\\data\\htdocs\\apki-api\\exchange\\vendor\\laravel\\framework\\src\\Illuminate\\Pipeline\\Pipeline.php(167): Illuminate\\Foundation\\Http\\Middleware\\TransformsRequest->handle(Object(Illuminate\\Http\\Request), Object(Closure))
#21 C:\\WEBSERVER\\data\\htdocs\\apki-api\\exchange\\vendor\\laravel\\framework\\src\\Illuminate\\Foundation\\Http\\Middleware\\TransformsRequest.php(21): Illuminate\\Pipeline\\Pipeline->Illuminate\\Pipeline\\{closure}(Object(Illuminate\\Http\\Request))
#22 C:\\WEBSERVER\\data\\htdocs\\apki-api\\exchange\\vendor\\laravel\\framework\\src\\Illuminate\\Pipeline\\Pipeline.php(167): Illuminate\\Foundation\\Http\\Middleware\\TransformsRequest->handle(Object(Illuminate\\Http\\Request), Object(Closure))
#23 C:\\WEBSERVER\\data\\htdocs\\apki-api\\exchange\\vendor\\laravel\\framework\\src\\Illuminate\\Foundation\\Http\\Middleware\\ValidatePostSize.php(27): Illuminate\\Pipeline\\Pipeline->Illuminate\\Pipeline\\{closure}(Object(Illuminate\\Http\\Request))
#24 C:\\WEBSERVER\\data\\htdocs\\apki-api\\exchange\\vendor\\laravel\\framework\\src\\Illuminate\\Pipeline\\Pipeline.php(167): Illuminate\\Foundation\\Http\\Middleware\\ValidatePostSize->handle(Object(Illuminate\\Http\\Request), Object(Closure))
#25 C:\\WEBSERVER\\data\\htdocs\\apki-api\\exchange\\vendor\\laravel\\framework\\src\\Illuminate\\Foundation\\Http\\Middleware\\CheckForMaintenanceMode.php(63): Illuminate\\Pipeline\\Pipeline->Illuminate\\Pipeline\\{closure}(Object(Illuminate\\Http\\Request))
#26 C:\\WEBSERVER\\data\\htdocs\\apki-api\\exchange\\vendor\\laravel\\framework\\src\\Illuminate\\Pipeline\\Pipeline.php(167): Illuminate\\Foundation\\Http\\Middleware\\CheckForMaintenanceMode->handle(Object(Illuminate\\Http\\Request), Object(Closure))
#27 C:\\WEBSERVER\\data\\htdocs\\apki-api\\exchange\\vendor\\fruitcake\\laravel-cors\\src\\HandleCors.php(37): Illuminate\\Pipeline\\Pipeline->Illuminate\\Pipeline\\{closure}(Object(Illuminate\\Http\\Request))
#28 C:\\WEBSERVER\\data\\htdocs\\apki-api\\exchange\\vendor\\laravel\\framework\\src\\Illuminate\\Pipeline\\Pipeline.php(167): Fruitcake\\Cors\\HandleCors->handle(Object(Illuminate\\Http\\Request), Object(Closure))
#29 C:\\WEBSERVER\\data\\htdocs\\apki-api\\exchange\\vendor\\fideloper\\proxy\\src\\TrustProxies.php(57): Illuminate\\Pipeline\\Pipeline->Illuminate\\Pipeline\\{closure}(Object(Illuminate\\Http\\Request))
#30 C:\\WEBSERVER\\data\\htdocs\\apki-api\\exchange\\vendor\\laravel\\framework\\src\\Illuminate\\Pipeline\\Pipeline.php(167): Fideloper\\Proxy\\TrustProxies->handle(Object(Illuminate\\Http\\Request), Object(Closure))
#31 C:\\WEBSERVER\\data\\htdocs\\apki-api\\exchange\\vendor\\laravel\\framework\\src\\Illuminate\\Pipeline\\Pipeline.php(103): Illuminate\\Pipeline\\Pipeline->Illuminate\\Pipeline\\{closure}(Object(Illuminate\\Http\\Request))
#32 C:\\WEBSERVER\\data\\htdocs\\apki-api\\exchange\\vendor\\laravel\\framework\\src\\Illuminate\\Foundation\\Http\\Kernel.php(140): Illuminate\\Pipeline\\Pipeline->then(Object(Closure))
#33 C:\\WEBSERVER\\data\\htdocs\\apki-api\\exchange\\vendor\\laravel\\framework\\src\\Illuminate\\Foundation\\Http\\Kernel.php(109): Illuminate\\Foundation\\Http\\Kernel->sendRequestThroughRouter(Object(Illuminate\\Http\\Request))
#34 C:\\WEBSERVER\\data\\htdocs\\apki-api\\exchange\\public\\index.php(55): Illuminate\\Foundation\\Http\\Kernel->handle(Object(Illuminate\\Http\\Request))
#35 C:\\WEBSERVER\\data\\htdocs\\apki-api\\exchange\\index.php(21): require_once('C:\\\\WEBSERVER\\\\da...')
#36 {main}
"} 
[2020-07-09 14:52:33] local.ERROR: file_put_contents(C:\WEBSERVER\data\htdocs\apki-api\storage\framework\views/4caa3ad5b53ca9c446d3a11c681dbb04412bff5f.php): failed to open stream: No such file or directory {"exception":"[object] (ErrorException(code: 0): file_put_contents(C:\\WEBSERVER\\data\\htdocs\\apki-api\\storage\\framework\\views/4caa3ad5b53ca9c446d3a11c681dbb04412bff5f.php): failed to open stream: No such file or directory at C:\\WEBSERVER\\data\\htdocs\\apki-api\\exchange\\vendor\\laravel\\framework\\src\\Illuminate\\Filesystem\\Filesystem.php:135)
[stacktrace]
#0 [internal function]: Illuminate\\Foundation\\Bootstrap\\HandleExceptions->handleError(2, 'file_put_conten...', 'C:\\\\WEBSERVER\\\\da...', 135, Array)
#1 C:\\WEBSERVER\\data\\htdocs\\apki-api\\exchange\\vendor\\laravel\\framework\\src\\Illuminate\\Filesystem\\Filesystem.php(135): file_put_contents('C:\\\\WEBSERVER\\\\da...', '<?php $__env->s...', 0)
#2 C:\\WEBSERVER\\data\\htdocs\\apki-api\\exchange\\vendor\\laravel\\framework\\src\\Illuminate\\View\\Compilers\\BladeCompiler.php(150): Illuminate\\Filesystem\\Filesystem->put('C:\\\\WEBSERVER\\\\da...', '<?php $__env->s...')
#3 C:\\WEBSERVER\\data\\htdocs\\apki-api\\exchange\\vendor\\laravel\\framework\\src\\Illuminate\\View\\Engines\\CompilerEngine.php(51): Illuminate\\View\\Compilers\\BladeCompiler->compile('C:\\\\WEBSERVER\\\\da...')
#4 C:\\WEBSERVER\\data\\htdocs\\apki-api\\exchange\\vendor\\facade\\ignition\\src\\Views\\Engines\\CompilerEngine.php(37): Illuminate\\View\\Engines\\CompilerEngine->get('C:\\\\WEBSERVER\\\\da...', Array)
#5 C:\\WEBSERVER\\data\\htdocs\\apki-api\\exchange\\vendor\\laravel\\framework\\src\\Illuminate\\View\\View.php(139): Facade\\Ignition\\Views\\Engines\\CompilerEngine->get('C:\\\\WEBSERVER\\\\da...', Array)
#6 C:\\WEBSERVER\\data\\htdocs\\apki-api\\exchange\\vendor\\laravel\\framework\\src\\Illuminate\\View\\View.php(122): Illuminate\\View\\View->getContents()
#7 C:\\WEBSERVER\\data\\htdocs\\apki-api\\exchange\\vendor\\laravel\\framework\\src\\Illuminate\\View\\View.php(91): Illuminate\\View\\View->renderContents()
#8 C:\\WEBSERVER\\data\\htdocs\\apki-api\\exchange\\vendor\\laravel\\framework\\src\\Illuminate\\Http\\Response.php(62): Illuminate\\View\\View->render()
#9 C:\\WEBSERVER\\data\\htdocs\\apki-api\\exchange\\vendor\\laravel\\framework\\src\\Illuminate\\Http\\Response.php(34): Illuminate\\Http\\Response->setContent(Object(Illuminate\\View\\View))
#10 C:\\WEBSERVER\\data\\htdocs\\apki-api\\exchange\\vendor\\laravel\\framework\\src\\Illuminate\\Routing\\ResponseFactory.php(55): Illuminate\\Http\\Response->__construct(Object(Illuminate\\View\\View), 500, Array)
#11 C:\\WEBSERVER\\data\\htdocs\\apki-api\\exchange\\vendor\\laravel\\framework\\src\\Illuminate\\Routing\\ResponseFactory.php(85): Illuminate\\Routing\\ResponseFactory->make(Object(Illuminate\\View\\View), 500, Array)
#12 C:\\WEBSERVER\\data\\htdocs\\apki-api\\exchange\\vendor\\laravel\\framework\\src\\Illuminate\\Foundation\\Exceptions\\Handler.php(408): Illuminate\\Routing\\ResponseFactory->view('errors::500', Array, 500, Array)
#13 C:\\WEBSERVER\\data\\htdocs\\apki-api\\exchange\\vendor\\laravel\\framework\\src\\Illuminate\\Foundation\\Exceptions\\Handler.php(313): Illuminate\\Foundation\\Exceptions\\Handler->renderHttpException(Object(Symfony\\Component\\HttpKernel\\Exception\\HttpException))
#14 C:\\WEBSERVER\\data\\htdocs\\apki-api\\exchange\\vendor\\laravel\\framework\\src\\Illuminate\\Foundation\\Exceptions\\Handler.php(210): Illuminate\\Foundation\\Exceptions\\Handler->prepareResponse(Object(Illuminate\\Http\\Request), Object(Symfony\\Component\\HttpKernel\\Exception\\HttpException))
#15 C:\\WEBSERVER\\data\\htdocs\\apki-api\\exchange\\app\\Exceptions\\Handler.php(53): Illuminate\\Foundation\\Exceptions\\Handler->render(Object(Illuminate\\Http\\Request), Object(ErrorException))
#16 C:\\WEBSERVER\\data\\htdocs\\apki-api\\exchange\\vendor\\laravel\\framework\\src\\Illuminate\\Routing\\Pipeline.php(51): App\\Exceptions\\Handler->render(Object(Illuminate\\Http\\Request), Object(ErrorException))
#17 C:\\WEBSERVER\\data\\htdocs\\apki-api\\exchange\\vendor\\laravel\\framework\\src\\Illuminate\\Pipeline\\Pipeline.php(172): Illuminate\\Routing\\Pipeline->handleException(Object(Illuminate\\Http\\Request), Object(ErrorException))
#18 C:\\WEBSERVER\\data\\htdocs\\apki-api\\exchange\\vendor\\laravel\\framework\\src\\Illuminate\\Cookie\\Middleware\\AddQueuedCookiesToResponse.php(37): Illuminate\\Pipeline\\Pipeline->Illuminate\\Pipeline\\{closure}(Object(Illuminate\\Http\\Request))
#19 C:\\WEBSERVER\\data\\htdocs\\apki-api\\exchange\\vendor\\laravel\\framework\\src\\Illuminate\\Pipeline\\Pipeline.php(167): Illuminate\\Cookie\\Middleware\\AddQueuedCookiesToResponse->handle(Object(Illuminate\\Http\\Request), Object(Closure))
#20 C:\\WEBSERVER\\data\\htdocs\\apki-api\\exchange\\vendor\\laravel\\framework\\src\\Illuminate\\Cookie\\Middleware\\EncryptCookies.php(66): Illuminate\\Pipeline\\Pipeline->Illuminate\\Pipeline\\{closure}(Object(Illuminate\\Http\\Request))
#21 C:\\WEBSERVER\\data\\htdocs\\apki-api\\exchange\\vendor\\laravel\\framework\\src\\Illuminate\\Pipeline\\Pipeline.php(167): Illuminate\\Cookie\\Middleware\\EncryptCookies->handle(Object(Illuminate\\Http\\Request), Object(Closure))
#22 C:\\WEBSERVER\\data\\htdocs\\apki-api\\exchange\\vendor\\laravel\\framework\\src\\Illuminate\\Pipeline\\Pipeline.php(103): Illuminate\\Pipeline\\Pipeline->Illuminate\\Pipeline\\{closure}(Object(Illuminate\\Http\\Request))
#23 C:\\WEBSERVER\\data\\htdocs\\apki-api\\exchange\\vendor\\laravel\\framework\\src\\Illuminate\\Routing\\Router.php(687): Illuminate\\Pipeline\\Pipeline->then(Object(Closure))
#24 C:\\WEBSERVER\\data\\htdocs\\apki-api\\exchange\\vendor\\laravel\\framework\\src\\Illuminate\\Routing\\Router.php(662): Illuminate\\Routing\\Router->runRouteWithinStack(Object(Illuminate\\Routing\\Route), Object(Illuminate\\Http\\Request))
#25 C:\\WEBSERVER\\data\\htdocs\\apki-api\\exchange\\vendor\\laravel\\framework\\src\\Illuminate\\Routing\\Router.php(628): Illuminate\\Routing\\Router->runRoute(Object(Illuminate\\Http\\Request), Object(Illuminate\\Routing\\Route))
#26 C:\\WEBSERVER\\data\\htdocs\\apki-api\\exchange\\vendor\\laravel\\framework\\src\\Illuminate\\Routing\\Router.php(617): Illuminate\\Routing\\Router->dispatchToRoute(Object(Illuminate\\Http\\Request))
#27 C:\\WEBSERVER\\data\\htdocs\\apki-api\\exchange\\vendor\\laravel\\framework\\src\\Illuminate\\Foundation\\Http\\Kernel.php(165): Illuminate\\Routing\\Router->dispatch(Object(Illuminate\\Http\\Request))
#28 C:\\WEBSERVER\\data\\htdocs\\apki-api\\exchange\\vendor\\laravel\\framework\\src\\Illuminate\\Pipeline\\Pipeline.php(128): Illuminate\\Foundation\\Http\\Kernel->Illuminate\\Foundation\\Http\\{closure}(Object(Illuminate\\Http\\Request))
#29 C:\\WEBSERVER\\data\\htdocs\\apki-api\\exchange\\vendor\\laravel\\framework\\src\\Illuminate\\Foundation\\Http\\Middleware\\TransformsRequest.php(21): Illuminate\\Pipeline\\Pipeline->Illuminate\\Pipeline\\{closure}(Object(Illuminate\\Http\\Request))
#30 C:\\WEBSERVER\\data\\htdocs\\apki-api\\exchange\\vendor\\laravel\\framework\\src\\Illuminate\\Pipeline\\Pipeline.php(167): Illuminate\\Foundation\\Http\\Middleware\\TransformsRequest->handle(Object(Illuminate\\Http\\Request), Object(Closure))
#31 C:\\WEBSERVER\\data\\htdocs\\apki-api\\exchange\\vendor\\laravel\\framework\\src\\Illuminate\\Foundation\\Http\\Middleware\\TransformsRequest.php(21): Illuminate\\Pipeline\\Pipeline->Illuminate\\Pipeline\\{closure}(Object(Illuminate\\Http\\Request))
#32 C:\\WEBSERVER\\data\\htdocs\\apki-api\\exchange\\vendor\\laravel\\framework\\src\\Illuminate\\Pipeline\\Pipeline.php(167): Illuminate\\Foundation\\Http\\Middleware\\TransformsRequest->handle(Object(Illuminate\\Http\\Request), Object(Closure))
#33 C:\\WEBSERVER\\data\\htdocs\\apki-api\\exchange\\vendor\\laravel\\framework\\src\\Illuminate\\Foundation\\Http\\Middleware\\ValidatePostSize.php(27): Illuminate\\Pipeline\\Pipeline->Illuminate\\Pipeline\\{closure}(Object(Illuminate\\Http\\Request))
#34 C:\\WEBSERVER\\data\\htdocs\\apki-api\\exchange\\vendor\\laravel\\framework\\src\\Illuminate\\Pipeline\\Pipeline.php(167): Illuminate\\Foundation\\Http\\Middleware\\ValidatePostSize->handle(Object(Illuminate\\Http\\Request), Object(Closure))
#35 C:\\WEBSERVER\\data\\htdocs\\apki-api\\exchange\\vendor\\laravel\\framework\\src\\Illuminate\\Foundation\\Http\\Middleware\\CheckForMaintenanceMode.php(63): Illuminate\\Pipeline\\Pipeline->Illuminate\\Pipeline\\{closure}(Object(Illuminate\\Http\\Request))
#36 C:\\WEBSERVER\\data\\htdocs\\apki-api\\exchange\\vendor\\laravel\\framework\\src\\Illuminate\\Pipeline\\Pipeline.php(167): Illuminate\\Foundation\\Http\\Middleware\\CheckForMaintenanceMode->handle(Object(Illuminate\\Http\\Request), Object(Closure))
#37 C:\\WEBSERVER\\data\\htdocs\\apki-api\\exchange\\vendor\\fruitcake\\laravel-cors\\src\\HandleCors.php(37): Illuminate\\Pipeline\\Pipeline->Illuminate\\Pipeline\\{closure}(Object(Illuminate\\Http\\Request))
#38 C:\\WEBSERVER\\data\\htdocs\\apki-api\\exchange\\vendor\\laravel\\framework\\src\\Illuminate\\Pipeline\\Pipeline.php(167): Fruitcake\\Cors\\HandleCors->handle(Object(Illuminate\\Http\\Request), Object(Closure))
#39 C:\\WEBSERVER\\data\\htdocs\\apki-api\\exchange\\vendor\\fideloper\\proxy\\src\\TrustProxies.php(57): Illuminate\\Pipeline\\Pipeline->Illuminate\\Pipeline\\{closure}(Object(Illuminate\\Http\\Request))
#40 C:\\WEBSERVER\\data\\htdocs\\apki-api\\exchange\\vendor\\laravel\\framework\\src\\Illuminate\\Pipeline\\Pipeline.php(167): Fideloper\\Proxy\\TrustProxies->handle(Object(Illuminate\\Http\\Request), Object(Closure))
#41 C:\\WEBSERVER\\data\\htdocs\\apki-api\\exchange\\vendor\\laravel\\framework\\src\\Illuminate\\Pipeline\\Pipeline.php(103): Illuminate\\Pipeline\\Pipeline->Illuminate\\Pipeline\\{closure}(Object(Illuminate\\Http\\Request))
#42 C:\\WEBSERVER\\data\\htdocs\\apki-api\\exchange\\vendor\\laravel\\framework\\src\\Illuminate\\Foundation\\Http\\Kernel.php(140): Illuminate\\Pipeline\\Pipeline->then(Object(Closure))
#43 C:\\WEBSERVER\\data\\htdocs\\apki-api\\exchange\\vendor\\laravel\\framework\\src\\Illuminate\\Foundation\\Http\\Kernel.php(109): Illuminate\\Foundation\\Http\\Kernel->sendRequestThroughRouter(Object(Illuminate\\Http\\Request))
#44 C:\\WEBSERVER\\data\\htdocs\\apki-api\\exchange\\public\\index.php(55): Illuminate\\Foundation\\Http\\Kernel->handle(Object(Illuminate\\Http\\Request))
#45 C:\\WEBSERVER\\data\\htdocs\\apki-api\\exchange\\index.php(21): require_once('C:\\\\WEBSERVER\\\\da...')
#46 {main}
"} 
[2020-07-09 14:52:33] local.ERROR: file_put_contents(C:\WEBSERVER\data\htdocs\apki-api\storage\framework\views/4caa3ad5b53ca9c446d3a11c681dbb04412bff5f.php): failed to open stream: No such file or directory {"exception":"[object] (ErrorException(code: 0): file_put_contents(C:\\WEBSERVER\\data\\htdocs\\apki-api\\storage\\framework\\views/4caa3ad5b53ca9c446d3a11c681dbb04412bff5f.php): failed to open stream: No such file or directory at C:\\WEBSERVER\\data\\htdocs\\apki-api\\exchange\\vendor\\laravel\\framework\\src\\Illuminate\\Filesystem\\Filesystem.php:135)
[stacktrace]
#0 [internal function]: Illuminate\\Foundation\\Bootstrap\\HandleExceptions->handleError(2, 'file_put_conten...', 'C:\\\\WEBSERVER\\\\da...', 135, Array)
#1 C:\\WEBSERVER\\data\\htdocs\\apki-api\\exchange\\vendor\\laravel\\framework\\src\\Illuminate\\Filesystem\\Filesystem.php(135): file_put_contents('C:\\\\WEBSERVER\\\\da...', '<?php $__env->s...', 0)
#2 C:\\WEBSERVER\\data\\htdocs\\apki-api\\exchange\\vendor\\laravel\\framework\\src\\Illuminate\\View\\Compilers\\BladeCompiler.php(150): Illuminate\\Filesystem\\Filesystem->put('C:\\\\WEBSERVER\\\\da...', '<?php $__env->s...')
#3 C:\\WEBSERVER\\data\\htdocs\\apki-api\\exchange\\vendor\\laravel\\framework\\src\\Illuminate\\View\\Engines\\CompilerEngine.php(51): Illuminate\\View\\Compilers\\BladeCompiler->compile('C:\\\\WEBSERVER\\\\da...')
#4 C:\\WEBSERVER\\data\\htdocs\\apki-api\\exchange\\vendor\\facade\\ignition\\src\\Views\\Engines\\CompilerEngine.php(37): Illuminate\\View\\Engines\\CompilerEngine->get('C:\\\\WEBSERVER\\\\da...', Array)
#5 C:\\WEBSERVER\\data\\htdocs\\apki-api\\exchange\\vendor\\laravel\\framework\\src\\Illuminate\\View\\View.php(139): Facade\\Ignition\\Views\\Engines\\CompilerEngine->get('C:\\\\WEBSERVER\\\\da...', Array)
#6 C:\\WEBSERVER\\data\\htdocs\\apki-api\\exchange\\vendor\\laravel\\framework\\src\\Illuminate\\View\\View.php(122): Illuminate\\View\\View->getContents()
#7 C:\\WEBSERVER\\data\\htdocs\\apki-api\\exchange\\vendor\\laravel\\framework\\src\\Illuminate\\View\\View.php(91): Illuminate\\View\\View->renderContents()
#8 C:\\WEBSERVER\\data\\htdocs\\apki-api\\exchange\\vendor\\laravel\\framework\\src\\Illuminate\\Http\\Response.php(62): Illuminate\\View\\View->render()
#9 C:\\WEBSERVER\\data\\htdocs\\apki-api\\exchange\\vendor\\laravel\\framework\\src\\Illuminate\\Http\\Response.php(34): Illuminate\\Http\\Response->setContent(Object(Illuminate\\View\\View))
#10 C:\\WEBSERVER\\data\\htdocs\\apki-api\\exchange\\vendor\\laravel\\framework\\src\\Illuminate\\Routing\\ResponseFactory.php(55): Illuminate\\Http\\Response->__construct(Object(Illuminate\\View\\View), 500, Array)
#11 C:\\WEBSERVER\\data\\htdocs\\apki-api\\exchange\\vendor\\laravel\\framework\\src\\Illuminate\\Routing\\ResponseFactory.php(85): Illuminate\\Routing\\ResponseFactory->make(Object(Illuminate\\View\\View), 500, Array)
#12 C:\\WEBSERVER\\data\\htdocs\\apki-api\\exchange\\vendor\\laravel\\framework\\src\\Illuminate\\Foundation\\Exceptions\\Handler.php(408): Illuminate\\Routing\\ResponseFactory->view('errors::500', Array, 500, Array)
#13 C:\\WEBSERVER\\data\\htdocs\\apki-api\\exchange\\vendor\\laravel\\framework\\src\\Illuminate\\Foundation\\Exceptions\\Handler.php(313): Illuminate\\Foundation\\Exceptions\\Handler->renderHttpException(Object(Symfony\\Component\\HttpKernel\\Exception\\HttpException))
#14 C:\\WEBSERVER\\data\\htdocs\\apki-api\\exchange\\vendor\\laravel\\framework\\src\\Illuminate\\Foundation\\Exceptions\\Handler.php(210): Illuminate\\Foundation\\Exceptions\\Handler->prepareResponse(Object(Illuminate\\Http\\Request), Object(Symfony\\Component\\HttpKernel\\Exception\\HttpException))
#15 C:\\WEBSERVER\\data\\htdocs\\apki-api\\exchange\\app\\Exceptions\\Handler.php(53): Illuminate\\Foundation\\Exceptions\\Handler->render(Object(Illuminate\\Http\\Request), Object(ErrorException))
#16 C:\\WEBSERVER\\data\\htdocs\\apki-api\\exchange\\vendor\\laravel\\framework\\src\\Illuminate\\Routing\\Pipeline.php(51): App\\Exceptions\\Handler->render(Object(Illuminate\\Http\\Request), Object(ErrorException))
#17 C:\\WEBSERVER\\data\\htdocs\\apki-api\\exchange\\vendor\\laravel\\framework\\src\\Illuminate\\Pipeline\\Pipeline.php(172): Illuminate\\Routing\\Pipeline->handleException(Object(Illuminate\\Http\\Request), Object(ErrorException))
#18 C:\\WEBSERVER\\data\\htdocs\\apki-api\\exchange\\vendor\\laravel\\framework\\src\\Illuminate\\Cookie\\Middleware\\EncryptCookies.php(66): Illuminate\\Pipeline\\Pipeline->Illuminate\\Pipeline\\{closure}(Object(Illuminate\\Http\\Request))
#19 C:\\WEBSERVER\\data\\htdocs\\apki-api\\exchange\\vendor\\laravel\\framework\\src\\Illuminate\\Pipeline\\Pipeline.php(167): Illuminate\\Cookie\\Middleware\\EncryptCookies->handle(Object(Illuminate\\Http\\Request), Object(Closure))
#20 C:\\WEBSERVER\\data\\htdocs\\apki-api\\exchange\\vendor\\laravel\\framework\\src\\Illuminate\\Pipeline\\Pipeline.php(103): Illuminate\\Pipeline\\Pipeline->Illuminate\\Pipeline\\{closure}(Object(Illuminate\\Http\\Request))
#21 C:\\WEBSERVER\\data\\htdocs\\apki-api\\exchange\\vendor\\laravel\\framework\\src\\Illuminate\\Routing\\Router.php(687): Illuminate\\Pipeline\\Pipeline->then(Object(Closure))
#22 C:\\WEBSERVER\\data\\htdocs\\apki-api\\exchange\\vendor\\laravel\\framework\\src\\Illuminate\\Routing\\Router.php(662): Illuminate\\Routing\\Router->runRouteWithinStack(Object(Illuminate\\Routing\\Route), Object(Illuminate\\Http\\Request))
#23 C:\\WEBSERVER\\data\\htdocs\\apki-api\\exchange\\vendor\\laravel\\framework\\src\\Illuminate\\Routing\\Router.php(628): Illuminate\\Routing\\Router->runRoute(Object(Illuminate\\Http\\Request), Object(Illuminate\\Routing\\Route))
#24 C:\\WEBSERVER\\data\\htdocs\\apki-api\\exchange\\vendor\\laravel\\framework\\src\\Illuminate\\Routing\\Router.php(617): Illuminate\\Routing\\Router->dispatchToRoute(Object(Illuminate\\Http\\Request))
#25 C:\\WEBSERVER\\data\\htdocs\\apki-api\\exchange\\vendor\\laravel\\framework\\src\\Illuminate\\Foundation\\Http\\Kernel.php(165): Illuminate\\Routing\\Router->dispatch(Object(Illuminate\\Http\\Request))
#26 C:\\WEBSERVER\\data\\htdocs\\apki-api\\exchange\\vendor\\laravel\\framework\\src\\Illuminate\\Pipeline\\Pipeline.php(128): Illuminate\\Foundation\\Http\\Kernel->Illuminate\\Foundation\\Http\\{closure}(Object(Illuminate\\Http\\Request))
#27 C:\\WEBSERVER\\data\\htdocs\\apki-api\\exchange\\vendor\\laravel\\framework\\src\\Illuminate\\Foundation\\Http\\Middleware\\TransformsRequest.php(21): Illuminate\\Pipeline\\Pipeline->Illuminate\\Pipeline\\{closure}(Object(Illuminate\\Http\\Request))
#28 C:\\WEBSERVER\\data\\htdocs\\apki-api\\exchange\\vendor\\laravel\\framework\\src\\Illuminate\\Pipeline\\Pipeline.php(167): Illuminate\\Foundation\\Http\\Middleware\\TransformsRequest->handle(Object(Illuminate\\Http\\Request), Object(Closure))
#29 C:\\WEBSERVER\\data\\htdocs\\apki-api\\exchange\\vendor\\laravel\\framework\\src\\Illuminate\\Foundation\\Http\\Middleware\\TransformsRequest.php(21): Illuminate\\Pipeline\\Pipeline->Illuminate\\Pipeline\\{closure}(Object(Illuminate\\Http\\Request))
#30 C:\\WEBSERVER\\data\\htdocs\\apki-api\\exchange\\vendor\\laravel\\framework\\src\\Illuminate\\Pipeline\\Pipeline.php(167): Illuminate\\Foundation\\Http\\Middleware\\TransformsRequest->handle(Object(Illuminate\\Http\\Request), Object(Closure))
#31 C:\\WEBSERVER\\data\\htdocs\\apki-api\\exchange\\vendor\\laravel\\framework\\src\\Illuminate\\Foundation\\Http\\Middleware\\ValidatePostSize.php(27): Illuminate\\Pipeline\\Pipeline->Illuminate\\Pipeline\\{closure}(Object(Illuminate\\Http\\Request))
#32 C:\\WEBSERVER\\data\\htdocs\\apki-api\\exchange\\vendor\\laravel\\framework\\src\\Illuminate\\Pipeline\\Pipeline.php(167): Illuminate\\Foundation\\Http\\Middleware\\ValidatePostSize->handle(Object(Illuminate\\Http\\Request), Object(Closure))
#33 C:\\WEBSERVER\\data\\htdocs\\apki-api\\exchange\\vendor\\laravel\\framework\\src\\Illuminate\\Foundation\\Http\\Middleware\\CheckForMaintenanceMode.php(63): Illuminate\\Pipeline\\Pipeline->Illuminate\\Pipeline\\{closure}(Object(Illuminate\\Http\\Request))
#34 C:\\WEBSERVER\\data\\htdocs\\apki-api\\exchange\\vendor\\laravel\\framework\\src\\Illuminate\\Pipeline\\Pipeline.php(167): Illuminate\\Foundation\\Http\\Middleware\\CheckForMaintenanceMode->handle(Object(Illuminate\\Http\\Request), Object(Closure))
#35 C:\\WEBSERVER\\data\\htdocs\\apki-api\\exchange\\vendor\\fruitcake\\laravel-cors\\src\\HandleCors.php(37): Illuminate\\Pipeline\\Pipeline->Illuminate\\Pipeline\\{closure}(Object(Illuminate\\Http\\Request))
#36 C:\\WEBSERVER\\data\\htdocs\\apki-api\\exchange\\vendor\\laravel\\framework\\src\\Illuminate\\Pipeline\\Pipeline.php(167): Fruitcake\\Cors\\HandleCors->handle(Object(Illuminate\\Http\\Request), Object(Closure))
#37 C:\\WEBSERVER\\data\\htdocs\\apki-api\\exchange\\vendor\\fideloper\\proxy\\src\\TrustProxies.php(57): Illuminate\\Pipeline\\Pipeline->Illuminate\\Pipeline\\{closure}(Object(Illuminate\\Http\\Request))
#38 C:\\WEBSERVER\\data\\htdocs\\apki-api\\exchange\\vendor\\laravel\\framework\\src\\Illuminate\\Pipeline\\Pipeline.php(167): Fideloper\\Proxy\\TrustProxies->handle(Object(Illuminate\\Http\\Request), Object(Closure))
#39 C:\\WEBSERVER\\data\\htdocs\\apki-api\\exchange\\vendor\\laravel\\framework\\src\\Illuminate\\Pipeline\\Pipeline.php(103): Illuminate\\Pipeline\\Pipeline->Illuminate\\Pipeline\\{closure}(Object(Illuminate\\Http\\Request))
#40 C:\\WEBSERVER\\data\\htdocs\\apki-api\\exchange\\vendor\\laravel\\framework\\src\\Illuminate\\Foundation\\Http\\Kernel.php(140): Illuminate\\Pipeline\\Pipeline->then(Object(Closure))
#41 C:\\WEBSERVER\\data\\htdocs\\apki-api\\exchange\\vendor\\laravel\\framework\\src\\Illuminate\\Foundation\\Http\\Kernel.php(109): Illuminate\\Foundation\\Http\\Kernel->sendRequestThroughRouter(Object(Illuminate\\Http\\Request))
#42 C:\\WEBSERVER\\data\\htdocs\\apki-api\\exchange\\public\\index.php(55): Illuminate\\Foundation\\Http\\Kernel->handle(Object(Illuminate\\Http\\Request))
#43 C:\\WEBSERVER\\data\\htdocs\\apki-api\\exchange\\index.php(21): require_once('C:\\\\WEBSERVER\\\\da...')
#44 {main}
"} 
[2020-07-09 14:52:33] local.ERROR: file_put_contents(C:\WEBSERVER\data\htdocs\apki-api\storage\framework\views/4caa3ad5b53ca9c446d3a11c681dbb04412bff5f.php): failed to open stream: No such file or directory {"exception":"[object] (ErrorException(code: 0): file_put_contents(C:\\WEBSERVER\\data\\htdocs\\apki-api\\storage\\framework\\views/4caa3ad5b53ca9c446d3a11c681dbb04412bff5f.php): failed to open stream: No such file or directory at C:\\WEBSERVER\\data\\htdocs\\apki-api\\exchange\\vendor\\laravel\\framework\\src\\Illuminate\\Filesystem\\Filesystem.php:135)
[stacktrace]
#0 [internal function]: Illuminate\\Foundation\\Bootstrap\\HandleExceptions->handleError(2, 'file_put_conten...', 'C:\\\\WEBSERVER\\\\da...', 135, Array)
#1 C:\\WEBSERVER\\data\\htdocs\\apki-api\\exchange\\vendor\\laravel\\framework\\src\\Illuminate\\Filesystem\\Filesystem.php(135): file_put_contents('C:\\\\WEBSERVER\\\\da...', '<?php $__env->s...', 0)
#2 C:\\WEBSERVER\\data\\htdocs\\apki-api\\exchange\\vendor\\laravel\\framework\\src\\Illuminate\\View\\Compilers\\BladeCompiler.php(150): Illuminate\\Filesystem\\Filesystem->put('C:\\\\WEBSERVER\\\\da...', '<?php $__env->s...')
#3 C:\\WEBSERVER\\data\\htdocs\\apki-api\\exchange\\vendor\\laravel\\framework\\src\\Illuminate\\View\\Engines\\CompilerEngine.php(51): Illuminate\\View\\Compilers\\BladeCompiler->compile('C:\\\\WEBSERVER\\\\da...')
#4 C:\\WEBSERVER\\data\\htdocs\\apki-api\\exchange\\vendor\\facade\\ignition\\src\\Views\\Engines\\CompilerEngine.php(37): Illuminate\\View\\Engines\\CompilerEngine->get('C:\\\\WEBSERVER\\\\da...', Array)
#5 C:\\WEBSERVER\\data\\htdocs\\apki-api\\exchange\\vendor\\laravel\\framework\\src\\Illuminate\\View\\View.php(139): Facade\\Ignition\\Views\\Engines\\CompilerEngine->get('C:\\\\WEBSERVER\\\\da...', Array)
#6 C:\\WEBSERVER\\data\\htdocs\\apki-api\\exchange\\vendor\\laravel\\framework\\src\\Illuminate\\View\\View.php(122): Illuminate\\View\\View->getContents()
#7 C:\\WEBSERVER\\data\\htdocs\\apki-api\\exchange\\vendor\\laravel\\framework\\src\\Illuminate\\View\\View.php(91): Illuminate\\View\\View->renderContents()
#8 C:\\WEBSERVER\\data\\htdocs\\apki-api\\exchange\\vendor\\laravel\\framework\\src\\Illuminate\\Http\\Response.php(62): Illuminate\\View\\View->render()
#9 C:\\WEBSERVER\\data\\htdocs\\apki-api\\exchange\\vendor\\laravel\\framework\\src\\Illuminate\\Http\\Response.php(34): Illuminate\\Http\\Response->setContent(Object(Illuminate\\View\\View))
#10 C:\\WEBSERVER\\data\\htdocs\\apki-api\\exchange\\vendor\\laravel\\framework\\src\\Illuminate\\Routing\\ResponseFactory.php(55): Illuminate\\Http\\Response->__construct(Object(Illuminate\\View\\View), 500, Array)
#11 C:\\WEBSERVER\\data\\htdocs\\apki-api\\exchange\\vendor\\laravel\\framework\\src\\Illuminate\\Routing\\ResponseFactory.php(85): Illuminate\\Routing\\ResponseFactory->make(Object(Illuminate\\View\\View), 500, Array)
#12 C:\\WEBSERVER\\data\\htdocs\\apki-api\\exchange\\vendor\\laravel\\framework\\src\\Illuminate\\Foundation\\Exceptions\\Handler.php(408): Illuminate\\Routing\\ResponseFactory->view('errors::500', Array, 500, Array)
#13 C:\\WEBSERVER\\data\\htdocs\\apki-api\\exchange\\vendor\\laravel\\framework\\src\\Illuminate\\Foundation\\Exceptions\\Handler.php(313): Illuminate\\Foundation\\Exceptions\\Handler->renderHttpException(Object(Symfony\\Component\\HttpKernel\\Exception\\HttpException))
#14 C:\\WEBSERVER\\data\\htdocs\\apki-api\\exchange\\vendor\\laravel\\framework\\src\\Illuminate\\Foundation\\Exceptions\\Handler.php(210): Illuminate\\Foundation\\Exceptions\\Handler->prepareResponse(Object(Illuminate\\Http\\Request), Object(Symfony\\Component\\HttpKernel\\Exception\\HttpException))
#15 C:\\WEBSERVER\\data\\htdocs\\apki-api\\exchange\\app\\Exceptions\\Handler.php(53): Illuminate\\Foundation\\Exceptions\\Handler->render(Object(Illuminate\\Http\\Request), Object(ErrorException))
#16 C:\\WEBSERVER\\data\\htdocs\\apki-api\\exchange\\vendor\\laravel\\framework\\src\\Illuminate\\Routing\\Pipeline.php(51): App\\Exceptions\\Handler->render(Object(Illuminate\\Http\\Request), Object(ErrorException))
#17 C:\\WEBSERVER\\data\\htdocs\\apki-api\\exchange\\vendor\\laravel\\framework\\src\\Illuminate\\Pipeline\\Pipeline.php(172): Illuminate\\Routing\\Pipeline->handleException(Object(Illuminate\\Http\\Request), Object(ErrorException))
#18 C:\\WEBSERVER\\data\\htdocs\\apki-api\\exchange\\vendor\\laravel\\framework\\src\\Illuminate\\Pipeline\\Pipeline.php(103): Illuminate\\Pipeline\\Pipeline->Illuminate\\Pipeline\\{closure}(Object(Illuminate\\Http\\Request))
#19 C:\\WEBSERVER\\data\\htdocs\\apki-api\\exchange\\vendor\\laravel\\framework\\src\\Illuminate\\Routing\\Router.php(687): Illuminate\\Pipeline\\Pipeline->then(Object(Closure))
#20 C:\\WEBSERVER\\data\\htdocs\\apki-api\\exchange\\vendor\\laravel\\framework\\src\\Illuminate\\Routing\\Router.php(662): Illuminate\\Routing\\Router->runRouteWithinStack(Object(Illuminate\\Routing\\Route), Object(Illuminate\\Http\\Request))
#21 C:\\WEBSERVER\\data\\htdocs\\apki-api\\exchange\\vendor\\laravel\\framework\\src\\Illuminate\\Routing\\Router.php(628): Illuminate\\Routing\\Router->runRoute(Object(Illuminate\\Http\\Request), Object(Illuminate\\Routing\\Route))
#22 C:\\WEBSERVER\\data\\htdocs\\apki-api\\exchange\\vendor\\laravel\\framework\\src\\Illuminate\\Routing\\Router.php(617): Illuminate\\Routing\\Router->dispatchToRoute(Object(Illuminate\\Http\\Request))
#23 C:\\WEBSERVER\\data\\htdocs\\apki-api\\exchange\\vendor\\laravel\\framework\\src\\Illuminate\\Foundation\\Http\\Kernel.php(165): Illuminate\\Routing\\Router->dispatch(Object(Illuminate\\Http\\Request))
#24 C:\\WEBSERVER\\data\\htdocs\\apki-api\\exchange\\vendor\\laravel\\framework\\src\\Illuminate\\Pipeline\\Pipeline.php(128): Illuminate\\Foundation\\Http\\Kernel->Illuminate\\Foundation\\Http\\{closure}(Object(Illuminate\\Http\\Request))
#25 C:\\WEBSERVER\\data\\htdocs\\apki-api\\exchange\\vendor\\laravel\\framework\\src\\Illuminate\\Foundation\\Http\\Middleware\\TransformsRequest.php(21): Illuminate\\Pipeline\\Pipeline->Illuminate\\Pipeline\\{closure}(Object(Illuminate\\Http\\Request))
#26 C:\\WEBSERVER\\data\\htdocs\\apki-api\\exchange\\vendor\\laravel\\framework\\src\\Illuminate\\Pipeline\\Pipeline.php(167): Illuminate\\Foundation\\Http\\Middleware\\TransformsRequest->handle(Object(Illuminate\\Http\\Request), Object(Closure))
#27 C:\\WEBSERVER\\data\\htdocs\\apki-api\\exchange\\vendor\\laravel\\framework\\src\\Illuminate\\Foundation\\Http\\Middleware\\TransformsRequest.php(21): Illuminate\\Pipeline\\Pipeline->Illuminate\\Pipeline\\{closure}(Object(Illuminate\\Http\\Request))
#28 C:\\WEBSERVER\\data\\htdocs\\apki-api\\exchange\\vendor\\laravel\\framework\\src\\Illuminate\\Pipeline\\Pipeline.php(167): Illuminate\\Foundation\\Http\\Middleware\\TransformsRequest->handle(Object(Illuminate\\Http\\Request), Object(Closure))
#29 C:\\WEBSERVER\\data\\htdocs\\apki-api\\exchange\\vendor\\laravel\\framework\\src\\Illuminate\\Foundation\\Http\\Middleware\\ValidatePostSize.php(27): Illuminate\\Pipeline\\Pipeline->Illuminate\\Pipeline\\{closure}(Object(Illuminate\\Http\\Request))
#30 C:\\WEBSERVER\\data\\htdocs\\apki-api\\exchange\\vendor\\laravel\\framework\\src\\Illuminate\\Pipeline\\Pipeline.php(167): Illuminate\\Foundation\\Http\\Middleware\\ValidatePostSize->handle(Object(Illuminate\\Http\\Request), Object(Closure))
#31 C:\\WEBSERVER\\data\\htdocs\\apki-api\\exchange\\vendor\\laravel\\framework\\src\\Illuminate\\Foundation\\Http\\Middleware\\CheckForMaintenanceMode.php(63): Illuminate\\Pipeline\\Pipeline->Illuminate\\Pipeline\\{closure}(Object(Illuminate\\Http\\Request))
#32 C:\\WEBSERVER\\data\\htdocs\\apki-api\\exchange\\vendor\\laravel\\framework\\src\\Illuminate\\Pipeline\\Pipeline.php(167): Illuminate\\Foundation\\Http\\Middleware\\CheckForMaintenanceMode->handle(Object(Illuminate\\Http\\Request), Object(Closure))
#33 C:\\WEBSERVER\\data\\htdocs\\apki-api\\exchange\\vendor\\fruitcake\\laravel-cors\\src\\HandleCors.php(37): Illuminate\\Pipeline\\Pipeline->Illuminate\\Pipeline\\{closure}(Object(Illuminate\\Http\\Request))
#34 C:\\WEBSERVER\\data\\htdocs\\apki-api\\exchange\\vendor\\laravel\\framework\\src\\Illuminate\\Pipeline\\Pipeline.php(167): Fruitcake\\Cors\\HandleCors->handle(Object(Illuminate\\Http\\Request), Object(Closure))
#35 C:\\WEBSERVER\\data\\htdocs\\apki-api\\exchange\\vendor\\fideloper\\proxy\\src\\TrustProxies.php(57): Illuminate\\Pipeline\\Pipeline->Illuminate\\Pipeline\\{closure}(Object(Illuminate\\Http\\Request))
#36 C:\\WEBSERVER\\data\\htdocs\\apki-api\\exchange\\vendor\\laravel\\framework\\src\\Illuminate\\Pipeline\\Pipeline.php(167): Fideloper\\Proxy\\TrustProxies->handle(Object(Illuminate\\Http\\Request), Object(Closure))
#37 C:\\WEBSERVER\\data\\htdocs\\apki-api\\exchange\\vendor\\laravel\\framework\\src\\Illuminate\\Pipeline\\Pipeline.php(103): Illuminate\\Pipeline\\Pipeline->Illuminate\\Pipeline\\{closure}(Object(Illuminate\\Http\\Request))
#38 C:\\WEBSERVER\\data\\htdocs\\apki-api\\exchange\\vendor\\laravel\\framework\\src\\Illuminate\\Foundation\\Http\\Kernel.php(140): Illuminate\\Pipeline\\Pipeline->then(Object(Closure))
#39 C:\\WEBSERVER\\data\\htdocs\\apki-api\\exchange\\vendor\\laravel\\framework\\src\\Illuminate\\Foundation\\Http\\Kernel.php(109): Illuminate\\Foundation\\Http\\Kernel->sendRequestThroughRouter(Object(Illuminate\\Http\\Request))
#40 C:\\WEBSERVER\\data\\htdocs\\apki-api\\exchange\\public\\index.php(55): Illuminate\\Foundation\\Http\\Kernel->handle(Object(Illuminate\\Http\\Request))
#41 C:\\WEBSERVER\\data\\htdocs\\apki-api\\exchange\\index.php(21): require_once('C:\\\\WEBSERVER\\\\da...')
#42 {main}
"} 
[2020-07-09 14:52:33] local.ERROR: file_put_contents(C:\WEBSERVER\data\htdocs\apki-api\storage\framework\views/4caa3ad5b53ca9c446d3a11c681dbb04412bff5f.php): failed to open stream: No such file or directory {"exception":"[object] (ErrorException(code: 0): file_put_contents(C:\\WEBSERVER\\data\\htdocs\\apki-api\\storage\\framework\\views/4caa3ad5b53ca9c446d3a11c681dbb04412bff5f.php): failed to open stream: No such file or directory at C:\\WEBSERVER\\data\\htdocs\\apki-api\\exchange\\vendor\\laravel\\framework\\src\\Illuminate\\Filesystem\\Filesystem.php:135)
[stacktrace]
#0 [internal function]: Illuminate\\Foundation\\Bootstrap\\HandleExceptions->handleError(2, 'file_put_conten...', 'C:\\\\WEBSERVER\\\\da...', 135, Array)
#1 C:\\WEBSERVER\\data\\htdocs\\apki-api\\exchange\\vendor\\laravel\\framework\\src\\Illuminate\\Filesystem\\Filesystem.php(135): file_put_contents('C:\\\\WEBSERVER\\\\da...', '<?php $__env->s...', 0)
#2 C:\\WEBSERVER\\data\\htdocs\\apki-api\\exchange\\vendor\\laravel\\framework\\src\\Illuminate\\View\\Compilers\\BladeCompiler.php(150): Illuminate\\Filesystem\\Filesystem->put('C:\\\\WEBSERVER\\\\da...', '<?php $__env->s...')
#3 C:\\WEBSERVER\\data\\htdocs\\apki-api\\exchange\\vendor\\laravel\\framework\\src\\Illuminate\\View\\Engines\\CompilerEngine.php(51): Illuminate\\View\\Compilers\\BladeCompiler->compile('C:\\\\WEBSERVER\\\\da...')
#4 C:\\WEBSERVER\\data\\htdocs\\apki-api\\exchange\\vendor\\facade\\ignition\\src\\Views\\Engines\\CompilerEngine.php(37): Illuminate\\View\\Engines\\CompilerEngine->get('C:\\\\WEBSERVER\\\\da...', Array)
#5 C:\\WEBSERVER\\data\\htdocs\\apki-api\\exchange\\vendor\\laravel\\framework\\src\\Illuminate\\View\\View.php(139): Facade\\Ignition\\Views\\Engines\\CompilerEngine->get('C:\\\\WEBSERVER\\\\da...', Array)
#6 C:\\WEBSERVER\\data\\htdocs\\apki-api\\exchange\\vendor\\laravel\\framework\\src\\Illuminate\\View\\View.php(122): Illuminate\\View\\View->getContents()
#7 C:\\WEBSERVER\\data\\htdocs\\apki-api\\exchange\\vendor\\laravel\\framework\\src\\Illuminate\\View\\View.php(91): Illuminate\\View\\View->renderContents()
#8 C:\\WEBSERVER\\data\\htdocs\\apki-api\\exchange\\vendor\\laravel\\framework\\src\\Illuminate\\Http\\Response.php(62): Illuminate\\View\\View->render()
#9 C:\\WEBSERVER\\data\\htdocs\\apki-api\\exchange\\vendor\\laravel\\framework\\src\\Illuminate\\Http\\Response.php(34): Illuminate\\Http\\Response->setContent(Object(Illuminate\\View\\View))
#10 C:\\WEBSERVER\\data\\htdocs\\apki-api\\exchange\\vendor\\laravel\\framework\\src\\Illuminate\\Routing\\ResponseFactory.php(55): Illuminate\\Http\\Response->__construct(Object(Illuminate\\View\\View), 500, Array)
#11 C:\\WEBSERVER\\data\\htdocs\\apki-api\\exchange\\vendor\\laravel\\framework\\src\\Illuminate\\Routing\\ResponseFactory.php(85): Illuminate\\Routing\\ResponseFactory->make(Object(Illuminate\\View\\View), 500, Array)
#12 C:\\WEBSERVER\\data\\htdocs\\apki-api\\exchange\\vendor\\laravel\\framework\\src\\Illuminate\\Foundation\\Exceptions\\Handler.php(408): Illuminate\\Routing\\ResponseFactory->view('errors::500', Array, 500, Array)
#13 C:\\WEBSERVER\\data\\htdocs\\apki-api\\exchange\\vendor\\laravel\\framework\\src\\Illuminate\\Foundation\\Exceptions\\Handler.php(313): Illuminate\\Foundation\\Exceptions\\Handler->renderHttpException(Object(Symfony\\Component\\HttpKernel\\Exception\\HttpException))
#14 C:\\WEBSERVER\\data\\htdocs\\apki-api\\exchange\\vendor\\laravel\\framework\\src\\Illuminate\\Foundation\\Exceptions\\Handler.php(210): Illuminate\\Foundation\\Exceptions\\Handler->prepareResponse(Object(Illuminate\\Http\\Request), Object(Symfony\\Component\\HttpKernel\\Exception\\HttpException))
#15 C:\\WEBSERVER\\data\\htdocs\\apki-api\\exchange\\app\\Exceptions\\Handler.php(53): Illuminate\\Foundation\\Exceptions\\Handler->render(Object(Illuminate\\Http\\Request), Object(ErrorException))
#16 C:\\WEBSERVER\\data\\htdocs\\apki-api\\exchange\\vendor\\laravel\\framework\\src\\Illuminate\\Routing\\Pipeline.php(51): App\\Exceptions\\Handler->render(Object(Illuminate\\Http\\Request), Object(ErrorException))
#17 C:\\WEBSERVER\\data\\htdocs\\apki-api\\exchange\\vendor\\laravel\\framework\\src\\Illuminate\\Pipeline\\Pipeline.php(130): Illuminate\\Routing\\Pipeline->handleException(Object(Illuminate\\Http\\Request), Object(ErrorException))
#18 C:\\WEBSERVER\\data\\htdocs\\apki-api\\exchange\\vendor\\laravel\\framework\\src\\Illuminate\\Foundation\\Http\\Middleware\\TransformsRequest.php(21): Illuminate\\Pipeline\\Pipeline->Illuminate\\Pipeline\\{closure}(Object(Illuminate\\Http\\Request))
#19 C:\\WEBSERVER\\data\\htdocs\\apki-api\\exchange\\vendor\\laravel\\framework\\src\\Illuminate\\Pipeline\\Pipeline.php(167): Illuminate\\Foundation\\Http\\Middleware\\TransformsRequest->handle(Object(Illuminate\\Http\\Request), Object(Closure))
#20 C:\\WEBSERVER\\data\\htdocs\\apki-api\\exchange\\vendor\\laravel\\framework\\src\\Illuminate\\Foundation\\Http\\Middleware\\TransformsRequest.php(21): Illuminate\\Pipeline\\Pipeline->Illuminate\\Pipeline\\{closure}(Object(Illuminate\\Http\\Request))
#21 C:\\WEBSERVER\\data\\htdocs\\apki-api\\exchange\\vendor\\laravel\\framework\\src\\Illuminate\\Pipeline\\Pipeline.php(167): Illuminate\\Foundation\\Http\\Middleware\\TransformsRequest->handle(Object(Illuminate\\Http\\Request), Object(Closure))
#22 C:\\WEBSERVER\\data\\htdocs\\apki-api\\exchange\\vendor\\laravel\\framework\\src\\Illuminate\\Foundation\\Http\\Middleware\\ValidatePostSize.php(27): Illuminate\\Pipeline\\Pipeline->Illuminate\\Pipeline\\{closure}(Object(Illuminate\\Http\\Request))
#23 C:\\WEBSERVER\\data\\htdocs\\apki-api\\exchange\\vendor\\laravel\\framework\\src\\Illuminate\\Pipeline\\Pipeline.php(167): Illuminate\\Foundation\\Http\\Middleware\\ValidatePostSize->handle(Object(Illuminate\\Http\\Request), Object(Closure))
#24 C:\\WEBSERVER\\data\\htdocs\\apki-api\\exchange\\vendor\\laravel\\framework\\src\\Illuminate\\Foundation\\Http\\Middleware\\CheckForMaintenanceMode.php(63): Illuminate\\Pipeline\\Pipeline->Illuminate\\Pipeline\\{closure}(Object(Illuminate\\Http\\Request))
#25 C:\\WEBSERVER\\data\\htdocs\\apki-api\\exchange\\vendor\\laravel\\framework\\src\\Illuminate\\Pipeline\\Pipeline.php(167): Illuminate\\Foundation\\Http\\Middleware\\CheckForMaintenanceMode->handle(Object(Illuminate\\Http\\Request), Object(Closure))
#26 C:\\WEBSERVER\\data\\htdocs\\apki-api\\exchange\\vendor\\fruitcake\\laravel-cors\\src\\HandleCors.php(37): Illuminate\\Pipeline\\Pipeline->Illuminate\\Pipeline\\{closure}(Object(Illuminate\\Http\\Request))
#27 C:\\WEBSERVER\\data\\htdocs\\apki-api\\exchange\\vendor\\laravel\\framework\\src\\Illuminate\\Pipeline\\Pipeline.php(167): Fruitcake\\Cors\\HandleCors->handle(Object(Illuminate\\Http\\Request), Object(Closure))
#28 C:\\WEBSERVER\\data\\htdocs\\apki-api\\exchange\\vendor\\fideloper\\proxy\\src\\TrustProxies.php(57): Illuminate\\Pipeline\\Pipeline->Illuminate\\Pipeline\\{closure}(Object(Illuminate\\Http\\Request))
#29 C:\\WEBSERVER\\data\\htdocs\\apki-api\\exchange\\vendor\\laravel\\framework\\src\\Illuminate\\Pipeline\\Pipeline.php(167): Fideloper\\Proxy\\TrustProxies->handle(Object(Illuminate\\Http\\Request), Object(Closure))
#30 C:\\WEBSERVER\\data\\htdocs\\apki-api\\exchange\\vendor\\laravel\\framework\\src\\Illuminate\\Pipeline\\Pipeline.php(103): Illuminate\\Pipeline\\Pipeline->Illuminate\\Pipeline\\{closure}(Object(Illuminate\\Http\\Request))
#31 C:\\WEBSERVER\\data\\htdocs\\apki-api\\exchange\\vendor\\laravel\\framework\\src\\Illuminate\\Foundation\\Http\\Kernel.php(140): Illuminate\\Pipeline\\Pipeline->then(Object(Closure))
#32 C:\\WEBSERVER\\data\\htdocs\\apki-api\\exchange\\vendor\\laravel\\framework\\src\\Illuminate\\Foundation\\Http\\Kernel.php(109): Illuminate\\Foundation\\Http\\Kernel->sendRequestThroughRouter(Object(Illuminate\\Http\\Request))
#33 C:\\WEBSERVER\\data\\htdocs\\apki-api\\exchange\\public\\index.php(55): Illuminate\\Foundation\\Http\\Kernel->handle(Object(Illuminate\\Http\\Request))
#34 C:\\WEBSERVER\\data\\htdocs\\apki-api\\exchange\\index.php(21): require_once('C:\\\\WEBSERVER\\\\da...')
#35 {main}
"} 
[2020-07-09 14:52:33] local.ERROR: file_put_contents(C:\WEBSERVER\data\htdocs\apki-api\storage\framework\views/4caa3ad5b53ca9c446d3a11c681dbb04412bff5f.php): failed to open stream: No such file or directory {"exception":"[object] (ErrorException(code: 0): file_put_contents(C:\\WEBSERVER\\data\\htdocs\\apki-api\\storage\\framework\\views/4caa3ad5b53ca9c446d3a11c681dbb04412bff5f.php): failed to open stream: No such file or directory at C:\\WEBSERVER\\data\\htdocs\\apki-api\\exchange\\vendor\\laravel\\framework\\src\\Illuminate\\Filesystem\\Filesystem.php:135)
[stacktrace]
#0 [internal function]: Illuminate\\Foundation\\Bootstrap\\HandleExceptions->handleError(2, 'file_put_conten...', 'C:\\\\WEBSERVER\\\\da...', 135, Array)
#1 C:\\WEBSERVER\\data\\htdocs\\apki-api\\exchange\\vendor\\laravel\\framework\\src\\Illuminate\\Filesystem\\Filesystem.php(135): file_put_contents('C:\\\\WEBSERVER\\\\da...', '<?php $__env->s...', 0)
#2 C:\\WEBSERVER\\data\\htdocs\\apki-api\\exchange\\vendor\\laravel\\framework\\src\\Illuminate\\View\\Compilers\\BladeCompiler.php(150): Illuminate\\Filesystem\\Filesystem->put('C:\\\\WEBSERVER\\\\da...', '<?php $__env->s...')
#3 C:\\WEBSERVER\\data\\htdocs\\apki-api\\exchange\\vendor\\laravel\\framework\\src\\Illuminate\\View\\Engines\\CompilerEngine.php(51): Illuminate\\View\\Compilers\\BladeCompiler->compile('C:\\\\WEBSERVER\\\\da...')
#4 C:\\WEBSERVER\\data\\htdocs\\apki-api\\exchange\\vendor\\facade\\ignition\\src\\Views\\Engines\\CompilerEngine.php(37): Illuminate\\View\\Engines\\CompilerEngine->get('C:\\\\WEBSERVER\\\\da...', Array)
#5 C:\\WEBSERVER\\data\\htdocs\\apki-api\\exchange\\vendor\\laravel\\framework\\src\\Illuminate\\View\\View.php(139): Facade\\Ignition\\Views\\Engines\\CompilerEngine->get('C:\\\\WEBSERVER\\\\da...', Array)
#6 C:\\WEBSERVER\\data\\htdocs\\apki-api\\exchange\\vendor\\laravel\\framework\\src\\Illuminate\\View\\View.php(122): Illuminate\\View\\View->getContents()
#7 C:\\WEBSERVER\\data\\htdocs\\apki-api\\exchange\\vendor\\laravel\\framework\\src\\Illuminate\\View\\View.php(91): Illuminate\\View\\View->renderContents()
#8 C:\\WEBSERVER\\data\\htdocs\\apki-api\\exchange\\vendor\\laravel\\framework\\src\\Illuminate\\Http\\Response.php(62): Illuminate\\View\\View->render()
#9 C:\\WEBSERVER\\data\\htdocs\\apki-api\\exchange\\vendor\\laravel\\framework\\src\\Illuminate\\Http\\Response.php(34): Illuminate\\Http\\Response->setContent(Object(Illuminate\\View\\View))
#10 C:\\WEBSERVER\\data\\htdocs\\apki-api\\exchange\\vendor\\laravel\\framework\\src\\Illuminate\\Routing\\ResponseFactory.php(55): Illuminate\\Http\\Response->__construct(Object(Illuminate\\View\\View), 500, Array)
#11 C:\\WEBSERVER\\data\\htdocs\\apki-api\\exchange\\vendor\\laravel\\framework\\src\\Illuminate\\Routing\\ResponseFactory.php(85): Illuminate\\Routing\\ResponseFactory->make(Object(Illuminate\\View\\View), 500, Array)
#12 C:\\WEBSERVER\\data\\htdocs\\apki-api\\exchange\\vendor\\laravel\\framework\\src\\Illuminate\\Foundation\\Exceptions\\Handler.php(408): Illuminate\\Routing\\ResponseFactory->view('errors::500', Array, 500, Array)
#13 C:\\WEBSERVER\\data\\htdocs\\apki-api\\exchange\\vendor\\laravel\\framework\\src\\Illuminate\\Foundation\\Exceptions\\Handler.php(313): Illuminate\\Foundation\\Exceptions\\Handler->renderHttpException(Object(Symfony\\Component\\HttpKernel\\Exception\\HttpException))
#14 C:\\WEBSERVER\\data\\htdocs\\apki-api\\exchange\\vendor\\laravel\\framework\\src\\Illuminate\\Foundation\\Exceptions\\Handler.php(210): Illuminate\\Foundation\\Exceptions\\Handler->prepareResponse(Object(Illuminate\\Http\\Request), Object(Symfony\\Component\\HttpKernel\\Exception\\HttpException))
#15 C:\\WEBSERVER\\data\\htdocs\\apki-api\\exchange\\app\\Exceptions\\Handler.php(53): Illuminate\\Foundation\\Exceptions\\Handler->render(Object(Illuminate\\Http\\Request), Object(ErrorException))
#16 C:\\WEBSERVER\\data\\htdocs\\apki-api\\exchange\\vendor\\laravel\\framework\\src\\Illuminate\\Routing\\Pipeline.php(51): App\\Exceptions\\Handler->render(Object(Illuminate\\Http\\Request), Object(ErrorException))
#17 C:\\WEBSERVER\\data\\htdocs\\apki-api\\exchange\\vendor\\laravel\\framework\\src\\Illuminate\\Pipeline\\Pipeline.php(172): Illuminate\\Routing\\Pipeline->handleException(Object(Illuminate\\Http\\Request), Object(ErrorException))
#18 C:\\WEBSERVER\\data\\htdocs\\apki-api\\exchange\\vendor\\laravel\\framework\\src\\Illuminate\\Foundation\\Http\\Middleware\\TransformsRequest.php(21): Illuminate\\Pipeline\\Pipeline->Illuminate\\Pipeline\\{closure}(Object(Illuminate\\Http\\Request))
#19 C:\\WEBSERVER\\data\\htdocs\\apki-api\\exchange\\vendor\\laravel\\framework\\src\\Illuminate\\Pipeline\\Pipeline.php(167): Illuminate\\Foundation\\Http\\Middleware\\TransformsRequest->handle(Object(Illuminate\\Http\\Request), Object(Closure))
#20 C:\\WEBSERVER\\data\\htdocs\\apki-api\\exchange\\vendor\\laravel\\framework\\src\\Illuminate\\Foundation\\Http\\Middleware\\ValidatePostSize.php(27): Illuminate\\Pipeline\\Pipeline->Illuminate\\Pipeline\\{closure}(Object(Illuminate\\Http\\Request))
#21 C:\\WEBSERVER\\data\\htdocs\\apki-api\\exchange\\vendor\\laravel\\framework\\src\\Illuminate\\Pipeline\\Pipeline.php(167): Illuminate\\Foundation\\Http\\Middleware\\ValidatePostSize->handle(Object(Illuminate\\Http\\Request), Object(Closure))
#22 C:\\WEBSERVER\\data\\htdocs\\apki-api\\exchange\\vendor\\laravel\\framework\\src\\Illuminate\\Foundation\\Http\\Middleware\\CheckForMaintenanceMode.php(63): Illuminate\\Pipeline\\Pipeline->Illuminate\\Pipeline\\{closure}(Object(Illuminate\\Http\\Request))
#23 C:\\WEBSERVER\\data\\htdocs\\apki-api\\exchange\\vendor\\laravel\\framework\\src\\Illuminate\\Pipeline\\Pipeline.php(167): Illuminate\\Foundation\\Http\\Middleware\\CheckForMaintenanceMode->handle(Object(Illuminate\\Http\\Request), Object(Closure))
#24 C:\\WEBSERVER\\data\\htdocs\\apki-api\\exchange\\vendor\\fruitcake\\laravel-cors\\src\\HandleCors.php(37): Illuminate\\Pipeline\\Pipeline->Illuminate\\Pipeline\\{closure}(Object(Illuminate\\Http\\Request))
#25 C:\\WEBSERVER\\data\\htdocs\\apki-api\\exchange\\vendor\\laravel\\framework\\src\\Illuminate\\Pipeline\\Pipeline.php(167): Fruitcake\\Cors\\HandleCors->handle(Object(Illuminate\\Http\\Request), Object(Closure))
#26 C:\\WEBSERVER\\data\\htdocs\\apki-api\\exchange\\vendor\\fideloper\\proxy\\src\\TrustProxies.php(57): Illuminate\\Pipeline\\Pipeline->Illuminate\\Pipeline\\{closure}(Object(Illuminate\\Http\\Request))
#27 C:\\WEBSERVER\\data\\htdocs\\apki-api\\exchange\\vendor\\laravel\\framework\\src\\Illuminate\\Pipeline\\Pipeline.php(167): Fideloper\\Proxy\\TrustProxies->handle(Object(Illuminate\\Http\\Request), Object(Closure))
#28 C:\\WEBSERVER\\data\\htdocs\\apki-api\\exchange\\vendor\\laravel\\framework\\src\\Illuminate\\Pipeline\\Pipeline.php(103): Illuminate\\Pipeline\\Pipeline->Illuminate\\Pipeline\\{closure}(Object(Illuminate\\Http\\Request))
#29 C:\\WEBSERVER\\data\\htdocs\\apki-api\\exchange\\vendor\\laravel\\framework\\src\\Illuminate\\Foundation\\Http\\Kernel.php(140): Illuminate\\Pipeline\\Pipeline->then(Object(Closure))
#30 C:\\WEBSERVER\\data\\htdocs\\apki-api\\exchange\\vendor\\laravel\\framework\\src\\Illuminate\\Foundation\\Http\\Kernel.php(109): Illuminate\\Foundation\\Http\\Kernel->sendRequestThroughRouter(Object(Illuminate\\Http\\Request))
#31 C:\\WEBSERVER\\data\\htdocs\\apki-api\\exchange\\public\\index.php(55): Illuminate\\Foundation\\Http\\Kernel->handle(Object(Illuminate\\Http\\Request))
#32 C:\\WEBSERVER\\data\\htdocs\\apki-api\\exchange\\index.php(21): require_once('C:\\\\WEBSERVER\\\\da...')
#33 {main}
"} 
[2020-07-09 14:52:33] local.ERROR: file_put_contents(C:\WEBSERVER\data\htdocs\apki-api\storage\framework\views/4caa3ad5b53ca9c446d3a11c681dbb04412bff5f.php): failed to open stream: No such file or directory {"exception":"[object] (ErrorException(code: 0): file_put_contents(C:\\WEBSERVER\\data\\htdocs\\apki-api\\storage\\framework\\views/4caa3ad5b53ca9c446d3a11c681dbb04412bff5f.php): failed to open stream: No such file or directory at C:\\WEBSERVER\\data\\htdocs\\apki-api\\exchange\\vendor\\laravel\\framework\\src\\Illuminate\\Filesystem\\Filesystem.php:135)
[stacktrace]
#0 [internal function]: Illuminate\\Foundation\\Bootstrap\\HandleExceptions->handleError(2, 'file_put_conten...', 'C:\\\\WEBSERVER\\\\da...', 135, Array)
#1 C:\\WEBSERVER\\data\\htdocs\\apki-api\\exchange\\vendor\\laravel\\framework\\src\\Illuminate\\Filesystem\\Filesystem.php(135): file_put_contents('C:\\\\WEBSERVER\\\\da...', '<?php $__env->s...', 0)
#2 C:\\WEBSERVER\\data\\htdocs\\apki-api\\exchange\\vendor\\laravel\\framework\\src\\Illuminate\\View\\Compilers\\BladeCompiler.php(150): Illuminate\\Filesystem\\Filesystem->put('C:\\\\WEBSERVER\\\\da...', '<?php $__env->s...')
#3 C:\\WEBSERVER\\data\\htdocs\\apki-api\\exchange\\vendor\\laravel\\framework\\src\\Illuminate\\View\\Engines\\CompilerEngine.php(51): Illuminate\\View\\Compilers\\BladeCompiler->compile('C:\\\\WEBSERVER\\\\da...')
#4 C:\\WEBSERVER\\data\\htdocs\\apki-api\\exchange\\vendor\\facade\\ignition\\src\\Views\\Engines\\CompilerEngine.php(37): Illuminate\\View\\Engines\\CompilerEngine->get('C:\\\\WEBSERVER\\\\da...', Array)
#5 C:\\WEBSERVER\\data\\htdocs\\apki-api\\exchange\\vendor\\laravel\\framework\\src\\Illuminate\\View\\View.php(139): Facade\\Ignition\\Views\\Engines\\CompilerEngine->get('C:\\\\WEBSERVER\\\\da...', Array)
#6 C:\\WEBSERVER\\data\\htdocs\\apki-api\\exchange\\vendor\\laravel\\framework\\src\\Illuminate\\View\\View.php(122): Illuminate\\View\\View->getContents()
#7 C:\\WEBSERVER\\data\\htdocs\\apki-api\\exchange\\vendor\\laravel\\framework\\src\\Illuminate\\View\\View.php(91): Illuminate\\View\\View->renderContents()
#8 C:\\WEBSERVER\\data\\htdocs\\apki-api\\exchange\\vendor\\laravel\\framework\\src\\Illuminate\\Http\\Response.php(62): Illuminate\\View\\View->render()
#9 C:\\WEBSERVER\\data\\htdocs\\apki-api\\exchange\\vendor\\laravel\\framework\\src\\Illuminate\\Http\\Response.php(34): Illuminate\\Http\\Response->setContent(Object(Illuminate\\View\\View))
#10 C:\\WEBSERVER\\data\\htdocs\\apki-api\\exchange\\vendor\\laravel\\framework\\src\\Illuminate\\Routing\\ResponseFactory.php(55): Illuminate\\Http\\Response->__construct(Object(Illuminate\\View\\View), 500, Array)
#11 C:\\WEBSERVER\\data\\htdocs\\apki-api\\exchange\\vendor\\laravel\\framework\\src\\Illuminate\\Routing\\ResponseFactory.php(85): Illuminate\\Routing\\ResponseFactory->make(Object(Illuminate\\View\\View), 500, Array)
#12 C:\\WEBSERVER\\data\\htdocs\\apki-api\\exchange\\vendor\\laravel\\framework\\src\\Illuminate\\Foundation\\Exceptions\\Handler.php(408): Illuminate\\Routing\\ResponseFactory->view('errors::500', Array, 500, Array)
#13 C:\\WEBSERVER\\data\\htdocs\\apki-api\\exchange\\vendor\\laravel\\framework\\src\\Illuminate\\Foundation\\Exceptions\\Handler.php(313): Illuminate\\Foundation\\Exceptions\\Handler->renderHttpException(Object(Symfony\\Component\\HttpKernel\\Exception\\HttpException))
#14 C:\\WEBSERVER\\data\\htdocs\\apki-api\\exchange\\vendor\\laravel\\framework\\src\\Illuminate\\Foundation\\Exceptions\\Handler.php(210): Illuminate\\Foundation\\Exceptions\\Handler->prepareResponse(Object(Illuminate\\Http\\Request), Object(Symfony\\Component\\HttpKernel\\Exception\\HttpException))
#15 C:\\WEBSERVER\\data\\htdocs\\apki-api\\exchange\\app\\Exceptions\\Handler.php(53): Illuminate\\Foundation\\Exceptions\\Handler->render(Object(Illuminate\\Http\\Request), Object(ErrorException))
#16 C:\\WEBSERVER\\data\\htdocs\\apki-api\\exchange\\vendor\\laravel\\framework\\src\\Illuminate\\Routing\\Pipeline.php(51): App\\Exceptions\\Handler->render(Object(Illuminate\\Http\\Request), Object(ErrorException))
#17 C:\\WEBSERVER\\data\\htdocs\\apki-api\\exchange\\vendor\\laravel\\framework\\src\\Illuminate\\Pipeline\\Pipeline.php(172): Illuminate\\Routing\\Pipeline->handleException(Object(Illuminate\\Http\\Request), Object(ErrorException))
#18 C:\\WEBSERVER\\data\\htdocs\\apki-api\\exchange\\vendor\\laravel\\framework\\src\\Illuminate\\Foundation\\Http\\Middleware\\ValidatePostSize.php(27): Illuminate\\Pipeline\\Pipeline->Illuminate\\Pipeline\\{closure}(Object(Illuminate\\Http\\Request))
#19 C:\\WEBSERVER\\data\\htdocs\\apki-api\\exchange\\vendor\\laravel\\framework\\src\\Illuminate\\Pipeline\\Pipeline.php(167): Illuminate\\Foundation\\Http\\Middleware\\ValidatePostSize->handle(Object(Illuminate\\Http\\Request), Object(Closure))
#20 C:\\WEBSERVER\\data\\htdocs\\apki-api\\exchange\\vendor\\laravel\\framework\\src\\Illuminate\\Foundation\\Http\\Middleware\\CheckForMaintenanceMode.php(63): Illuminate\\Pipeline\\Pipeline->Illuminate\\Pipeline\\{closure}(Object(Illuminate\\Http\\Request))
#21 C:\\WEBSERVER\\data\\htdocs\\apki-api\\exchange\\vendor\\laravel\\framework\\src\\Illuminate\\Pipeline\\Pipeline.php(167): Illuminate\\Foundation\\Http\\Middleware\\CheckForMaintenanceMode->handle(Object(Illuminate\\Http\\Request), Object(Closure))
#22 C:\\WEBSERVER\\data\\htdocs\\apki-api\\exchange\\vendor\\fruitcake\\laravel-cors\\src\\HandleCors.php(37): Illuminate\\Pipeline\\Pipeline->Illuminate\\Pipeline\\{closure}(Object(Illuminate\\Http\\Request))
#23 C:\\WEBSERVER\\data\\htdocs\\apki-api\\exchange\\vendor\\laravel\\framework\\src\\Illuminate\\Pipeline\\Pipeline.php(167): Fruitcake\\Cors\\HandleCors->handle(Object(Illuminate\\Http\\Request), Object(Closure))
#24 C:\\WEBSERVER\\data\\htdocs\\apki-api\\exchange\\vendor\\fideloper\\proxy\\src\\TrustProxies.php(57): Illuminate\\Pipeline\\Pipeline->Illuminate\\Pipeline\\{closure}(Object(Illuminate\\Http\\Request))
#25 C:\\WEBSERVER\\data\\htdocs\\apki-api\\exchange\\vendor\\laravel\\framework\\src\\Illuminate\\Pipeline\\Pipeline.php(167): Fideloper\\Proxy\\TrustProxies->handle(Object(Illuminate\\Http\\Request), Object(Closure))
#26 C:\\WEBSERVER\\data\\htdocs\\apki-api\\exchange\\vendor\\laravel\\framework\\src\\Illuminate\\Pipeline\\Pipeline.php(103): Illuminate\\Pipeline\\Pipeline->Illuminate\\Pipeline\\{closure}(Object(Illuminate\\Http\\Request))
#27 C:\\WEBSERVER\\data\\htdocs\\apki-api\\exchange\\vendor\\laravel\\framework\\src\\Illuminate\\Foundation\\Http\\Kernel.php(140): Illuminate\\Pipeline\\Pipeline->then(Object(Closure))
#28 C:\\WEBSERVER\\data\\htdocs\\apki-api\\exchange\\vendor\\laravel\\framework\\src\\Illuminate\\Foundation\\Http\\Kernel.php(109): Illuminate\\Foundation\\Http\\Kernel->sendRequestThroughRouter(Object(Illuminate\\Http\\Request))
#29 C:\\WEBSERVER\\data\\htdocs\\apki-api\\exchange\\public\\index.php(55): Illuminate\\Foundation\\Http\\Kernel->handle(Object(Illuminate\\Http\\Request))
#30 C:\\WEBSERVER\\data\\htdocs\\apki-api\\exchange\\index.php(21): require_once('C:\\\\WEBSERVER\\\\da...')
#31 {main}
"} 
[2020-07-09 14:52:33] local.ERROR: file_put_contents(C:\WEBSERVER\data\htdocs\apki-api\storage\framework\views/4caa3ad5b53ca9c446d3a11c681dbb04412bff5f.php): failed to open stream: No such file or directory {"exception":"[object] (ErrorException(code: 0): file_put_contents(C:\\WEBSERVER\\data\\htdocs\\apki-api\\storage\\framework\\views/4caa3ad5b53ca9c446d3a11c681dbb04412bff5f.php): failed to open stream: No such file or directory at C:\\WEBSERVER\\data\\htdocs\\apki-api\\exchange\\vendor\\laravel\\framework\\src\\Illuminate\\Filesystem\\Filesystem.php:135)
[stacktrace]
#0 [internal function]: Illuminate\\Foundation\\Bootstrap\\HandleExceptions->handleError(2, 'file_put_conten...', 'C:\\\\WEBSERVER\\\\da...', 135, Array)
#1 C:\\WEBSERVER\\data\\htdocs\\apki-api\\exchange\\vendor\\laravel\\framework\\src\\Illuminate\\Filesystem\\Filesystem.php(135): file_put_contents('C:\\\\WEBSERVER\\\\da...', '<?php $__env->s...', 0)
#2 C:\\WEBSERVER\\data\\htdocs\\apki-api\\exchange\\vendor\\laravel\\framework\\src\\Illuminate\\View\\Compilers\\BladeCompiler.php(150): Illuminate\\Filesystem\\Filesystem->put('C:\\\\WEBSERVER\\\\da...', '<?php $__env->s...')
#3 C:\\WEBSERVER\\data\\htdocs\\apki-api\\exchange\\vendor\\laravel\\framework\\src\\Illuminate\\View\\Engines\\CompilerEngine.php(51): Illuminate\\View\\Compilers\\BladeCompiler->compile('C:\\\\WEBSERVER\\\\da...')
#4 C:\\WEBSERVER\\data\\htdocs\\apki-api\\exchange\\vendor\\facade\\ignition\\src\\Views\\Engines\\CompilerEngine.php(37): Illuminate\\View\\Engines\\CompilerEngine->get('C:\\\\WEBSERVER\\\\da...', Array)
#5 C:\\WEBSERVER\\data\\htdocs\\apki-api\\exchange\\vendor\\laravel\\framework\\src\\Illuminate\\View\\View.php(139): Facade\\Ignition\\Views\\Engines\\CompilerEngine->get('C:\\\\WEBSERVER\\\\da...', Array)
#6 C:\\WEBSERVER\\data\\htdocs\\apki-api\\exchange\\vendor\\laravel\\framework\\src\\Illuminate\\View\\View.php(122): Illuminate\\View\\View->getContents()
#7 C:\\WEBSERVER\\data\\htdocs\\apki-api\\exchange\\vendor\\laravel\\framework\\src\\Illuminate\\View\\View.php(91): Illuminate\\View\\View->renderContents()
#8 C:\\WEBSERVER\\data\\htdocs\\apki-api\\exchange\\vendor\\laravel\\framework\\src\\Illuminate\\Http\\Response.php(62): Illuminate\\View\\View->render()
#9 C:\\WEBSERVER\\data\\htdocs\\apki-api\\exchange\\vendor\\laravel\\framework\\src\\Illuminate\\Http\\Response.php(34): Illuminate\\Http\\Response->setContent(Object(Illuminate\\View\\View))
#10 C:\\WEBSERVER\\data\\htdocs\\apki-api\\exchange\\vendor\\laravel\\framework\\src\\Illuminate\\Routing\\ResponseFactory.php(55): Illuminate\\Http\\Response->__construct(Object(Illuminate\\View\\View), 500, Array)
#11 C:\\WEBSERVER\\data\\htdocs\\apki-api\\exchange\\vendor\\laravel\\framework\\src\\Illuminate\\Routing\\ResponseFactory.php(85): Illuminate\\Routing\\ResponseFactory->make(Object(Illuminate\\View\\View), 500, Array)
#12 C:\\WEBSERVER\\data\\htdocs\\apki-api\\exchange\\vendor\\laravel\\framework\\src\\Illuminate\\Foundation\\Exceptions\\Handler.php(408): Illuminate\\Routing\\ResponseFactory->view('errors::500', Array, 500, Array)
#13 C:\\WEBSERVER\\data\\htdocs\\apki-api\\exchange\\vendor\\laravel\\framework\\src\\Illuminate\\Foundation\\Exceptions\\Handler.php(313): Illuminate\\Foundation\\Exceptions\\Handler->renderHttpException(Object(Symfony\\Component\\HttpKernel\\Exception\\HttpException))
#14 C:\\WEBSERVER\\data\\htdocs\\apki-api\\exchange\\vendor\\laravel\\framework\\src\\Illuminate\\Foundation\\Exceptions\\Handler.php(210): Illuminate\\Foundation\\Exceptions\\Handler->prepareResponse(Object(Illuminate\\Http\\Request), Object(Symfony\\Component\\HttpKernel\\Exception\\HttpException))
#15 C:\\WEBSERVER\\data\\htdocs\\apki-api\\exchange\\app\\Exceptions\\Handler.php(53): Illuminate\\Foundation\\Exceptions\\Handler->render(Object(Illuminate\\Http\\Request), Object(ErrorException))
#16 C:\\WEBSERVER\\data\\htdocs\\apki-api\\exchange\\vendor\\laravel\\framework\\src\\Illuminate\\Routing\\Pipeline.php(51): App\\Exceptions\\Handler->render(Object(Illuminate\\Http\\Request), Object(ErrorException))
#17 C:\\WEBSERVER\\data\\htdocs\\apki-api\\exchange\\vendor\\laravel\\framework\\src\\Illuminate\\Pipeline\\Pipeline.php(172): Illuminate\\Routing\\Pipeline->handleException(Object(Illuminate\\Http\\Request), Object(ErrorException))
#18 C:\\WEBSERVER\\data\\htdocs\\apki-api\\exchange\\vendor\\laravel\\framework\\src\\Illuminate\\Foundation\\Http\\Middleware\\CheckForMaintenanceMode.php(63): Illuminate\\Pipeline\\Pipeline->Illuminate\\Pipeline\\{closure}(Object(Illuminate\\Http\\Request))
#19 C:\\WEBSERVER\\data\\htdocs\\apki-api\\exchange\\vendor\\laravel\\framework\\src\\Illuminate\\Pipeline\\Pipeline.php(167): Illuminate\\Foundation\\Http\\Middleware\\CheckForMaintenanceMode->handle(Object(Illuminate\\Http\\Request), Object(Closure))
#20 C:\\WEBSERVER\\data\\htdocs\\apki-api\\exchange\\vendor\\fruitcake\\laravel-cors\\src\\HandleCors.php(37): Illuminate\\Pipeline\\Pipeline->Illuminate\\Pipeline\\{closure}(Object(Illuminate\\Http\\Request))
#21 C:\\WEBSERVER\\data\\htdocs\\apki-api\\exchange\\vendor\\laravel\\framework\\src\\Illuminate\\Pipeline\\Pipeline.php(167): Fruitcake\\Cors\\HandleCors->handle(Object(Illuminate\\Http\\Request), Object(Closure))
#22 C:\\WEBSERVER\\data\\htdocs\\apki-api\\exchange\\vendor\\fideloper\\proxy\\src\\TrustProxies.php(57): Illuminate\\Pipeline\\Pipeline->Illuminate\\Pipeline\\{closure}(Object(Illuminate\\Http\\Request))
#23 C:\\WEBSERVER\\data\\htdocs\\apki-api\\exchange\\vendor\\laravel\\framework\\src\\Illuminate\\Pipeline\\Pipeline.php(167): Fideloper\\Proxy\\TrustProxies->handle(Object(Illuminate\\Http\\Request), Object(Closure))
#24 C:\\WEBSERVER\\data\\htdocs\\apki-api\\exchange\\vendor\\laravel\\framework\\src\\Illuminate\\Pipeline\\Pipeline.php(103): Illuminate\\Pipeline\\Pipeline->Illuminate\\Pipeline\\{closure}(Object(Illuminate\\Http\\Request))
#25 C:\\WEBSERVER\\data\\htdocs\\apki-api\\exchange\\vendor\\laravel\\framework\\src\\Illuminate\\Foundation\\Http\\Kernel.php(140): Illuminate\\Pipeline\\Pipeline->then(Object(Closure))
#26 C:\\WEBSERVER\\data\\htdocs\\apki-api\\exchange\\vendor\\laravel\\framework\\src\\Illuminate\\Foundation\\Http\\Kernel.php(109): Illuminate\\Foundation\\Http\\Kernel->sendRequestThroughRouter(Object(Illuminate\\Http\\Request))
#27 C:\\WEBSERVER\\data\\htdocs\\apki-api\\exchange\\public\\index.php(55): Illuminate\\Foundation\\Http\\Kernel->handle(Object(Illuminate\\Http\\Request))
#28 C:\\WEBSERVER\\data\\htdocs\\apki-api\\exchange\\index.php(21): require_once('C:\\\\WEBSERVER\\\\da...')
#29 {main}
"} 
[2020-07-09 14:52:33] local.ERROR: file_put_contents(C:\WEBSERVER\data\htdocs\apki-api\storage\framework\views/4caa3ad5b53ca9c446d3a11c681dbb04412bff5f.php): failed to open stream: No such file or directory {"exception":"[object] (ErrorException(code: 0): file_put_contents(C:\\WEBSERVER\\data\\htdocs\\apki-api\\storage\\framework\\views/4caa3ad5b53ca9c446d3a11c681dbb04412bff5f.php): failed to open stream: No such file or directory at C:\\WEBSERVER\\data\\htdocs\\apki-api\\exchange\\vendor\\laravel\\framework\\src\\Illuminate\\Filesystem\\Filesystem.php:135)
[stacktrace]
#0 [internal function]: Illuminate\\Foundation\\Bootstrap\\HandleExceptions->handleError(2, 'file_put_conten...', 'C:\\\\WEBSERVER\\\\da...', 135, Array)
#1 C:\\WEBSERVER\\data\\htdocs\\apki-api\\exchange\\vendor\\laravel\\framework\\src\\Illuminate\\Filesystem\\Filesystem.php(135): file_put_contents('C:\\\\WEBSERVER\\\\da...', '<?php $__env->s...', 0)
#2 C:\\WEBSERVER\\data\\htdocs\\apki-api\\exchange\\vendor\\laravel\\framework\\src\\Illuminate\\View\\Compilers\\BladeCompiler.php(150): Illuminate\\Filesystem\\Filesystem->put('C:\\\\WEBSERVER\\\\da...', '<?php $__env->s...')
#3 C:\\WEBSERVER\\data\\htdocs\\apki-api\\exchange\\vendor\\laravel\\framework\\src\\Illuminate\\View\\Engines\\CompilerEngine.php(51): Illuminate\\View\\Compilers\\BladeCompiler->compile('C:\\\\WEBSERVER\\\\da...')
#4 C:\\WEBSERVER\\data\\htdocs\\apki-api\\exchange\\vendor\\facade\\ignition\\src\\Views\\Engines\\CompilerEngine.php(37): Illuminate\\View\\Engines\\CompilerEngine->get('C:\\\\WEBSERVER\\\\da...', Array)
#5 C:\\WEBSERVER\\data\\htdocs\\apki-api\\exchange\\vendor\\laravel\\framework\\src\\Illuminate\\View\\View.php(139): Facade\\Ignition\\Views\\Engines\\CompilerEngine->get('C:\\\\WEBSERVER\\\\da...', Array)
#6 C:\\WEBSERVER\\data\\htdocs\\apki-api\\exchange\\vendor\\laravel\\framework\\src\\Illuminate\\View\\View.php(122): Illuminate\\View\\View->getContents()
#7 C:\\WEBSERVER\\data\\htdocs\\apki-api\\exchange\\vendor\\laravel\\framework\\src\\Illuminate\\View\\View.php(91): Illuminate\\View\\View->renderContents()
#8 C:\\WEBSERVER\\data\\htdocs\\apki-api\\exchange\\vendor\\laravel\\framework\\src\\Illuminate\\Http\\Response.php(62): Illuminate\\View\\View->render()
#9 C:\\WEBSERVER\\data\\htdocs\\apki-api\\exchange\\vendor\\laravel\\framework\\src\\Illuminate\\Http\\Response.php(34): Illuminate\\Http\\Response->setContent(Object(Illuminate\\View\\View))
#10 C:\\WEBSERVER\\data\\htdocs\\apki-api\\exchange\\vendor\\laravel\\framework\\src\\Illuminate\\Routing\\ResponseFactory.php(55): Illuminate\\Http\\Response->__construct(Object(Illuminate\\View\\View), 500, Array)
#11 C:\\WEBSERVER\\data\\htdocs\\apki-api\\exchange\\vendor\\laravel\\framework\\src\\Illuminate\\Routing\\ResponseFactory.php(85): Illuminate\\Routing\\ResponseFactory->make(Object(Illuminate\\View\\View), 500, Array)
#12 C:\\WEBSERVER\\data\\htdocs\\apki-api\\exchange\\vendor\\laravel\\framework\\src\\Illuminate\\Foundation\\Exceptions\\Handler.php(408): Illuminate\\Routing\\ResponseFactory->view('errors::500', Array, 500, Array)
#13 C:\\WEBSERVER\\data\\htdocs\\apki-api\\exchange\\vendor\\laravel\\framework\\src\\Illuminate\\Foundation\\Exceptions\\Handler.php(313): Illuminate\\Foundation\\Exceptions\\Handler->renderHttpException(Object(Symfony\\Component\\HttpKernel\\Exception\\HttpException))
#14 C:\\WEBSERVER\\data\\htdocs\\apki-api\\exchange\\vendor\\laravel\\framework\\src\\Illuminate\\Foundation\\Exceptions\\Handler.php(210): Illuminate\\Foundation\\Exceptions\\Handler->prepareResponse(Object(Illuminate\\Http\\Request), Object(Symfony\\Component\\HttpKernel\\Exception\\HttpException))
#15 C:\\WEBSERVER\\data\\htdocs\\apki-api\\exchange\\app\\Exceptions\\Handler.php(53): Illuminate\\Foundation\\Exceptions\\Handler->render(Object(Illuminate\\Http\\Request), Object(ErrorException))
#16 C:\\WEBSERVER\\data\\htdocs\\apki-api\\exchange\\vendor\\laravel\\framework\\src\\Illuminate\\Routing\\Pipeline.php(51): App\\Exceptions\\Handler->render(Object(Illuminate\\Http\\Request), Object(ErrorException))
#17 C:\\WEBSERVER\\data\\htdocs\\apki-api\\exchange\\vendor\\laravel\\framework\\src\\Illuminate\\Pipeline\\Pipeline.php(172): Illuminate\\Routing\\Pipeline->handleException(Object(Illuminate\\Http\\Request), Object(ErrorException))
#18 C:\\WEBSERVER\\data\\htdocs\\apki-api\\exchange\\vendor\\fruitcake\\laravel-cors\\src\\HandleCors.php(37): Illuminate\\Pipeline\\Pipeline->Illuminate\\Pipeline\\{closure}(Object(Illuminate\\Http\\Request))
#19 C:\\WEBSERVER\\data\\htdocs\\apki-api\\exchange\\vendor\\laravel\\framework\\src\\Illuminate\\Pipeline\\Pipeline.php(167): Fruitcake\\Cors\\HandleCors->handle(Object(Illuminate\\Http\\Request), Object(Closure))
#20 C:\\WEBSERVER\\data\\htdocs\\apki-api\\exchange\\vendor\\fideloper\\proxy\\src\\TrustProxies.php(57): Illuminate\\Pipeline\\Pipeline->Illuminate\\Pipeline\\{closure}(Object(Illuminate\\Http\\Request))
#21 C:\\WEBSERVER\\data\\htdocs\\apki-api\\exchange\\vendor\\laravel\\framework\\src\\Illuminate\\Pipeline\\Pipeline.php(167): Fideloper\\Proxy\\TrustProxies->handle(Object(Illuminate\\Http\\Request), Object(Closure))
#22 C:\\WEBSERVER\\data\\htdocs\\apki-api\\exchange\\vendor\\laravel\\framework\\src\\Illuminate\\Pipeline\\Pipeline.php(103): Illuminate\\Pipeline\\Pipeline->Illuminate\\Pipeline\\{closure}(Object(Illuminate\\Http\\Request))
#23 C:\\WEBSERVER\\data\\htdocs\\apki-api\\exchange\\vendor\\laravel\\framework\\src\\Illuminate\\Foundation\\Http\\Kernel.php(140): Illuminate\\Pipeline\\Pipeline->then(Object(Closure))
#24 C:\\WEBSERVER\\data\\htdocs\\apki-api\\exchange\\vendor\\laravel\\framework\\src\\Illuminate\\Foundation\\Http\\Kernel.php(109): Illuminate\\Foundation\\Http\\Kernel->sendRequestThroughRouter(Object(Illuminate\\Http\\Request))
#25 C:\\WEBSERVER\\data\\htdocs\\apki-api\\exchange\\public\\index.php(55): Illuminate\\Foundation\\Http\\Kernel->handle(Object(Illuminate\\Http\\Request))
#26 C:\\WEBSERVER\\data\\htdocs\\apki-api\\exchange\\index.php(21): require_once('C:\\\\WEBSERVER\\\\da...')
#27 {main}
"} 
[2020-07-09 14:52:33] local.ERROR: file_put_contents(C:\WEBSERVER\data\htdocs\apki-api\storage\framework\views/4caa3ad5b53ca9c446d3a11c681dbb04412bff5f.php): failed to open stream: No such file or directory {"exception":"[object] (ErrorException(code: 0): file_put_contents(C:\\WEBSERVER\\data\\htdocs\\apki-api\\storage\\framework\\views/4caa3ad5b53ca9c446d3a11c681dbb04412bff5f.php): failed to open stream: No such file or directory at C:\\WEBSERVER\\data\\htdocs\\apki-api\\exchange\\vendor\\laravel\\framework\\src\\Illuminate\\Filesystem\\Filesystem.php:135)
[stacktrace]
#0 [internal function]: Illuminate\\Foundation\\Bootstrap\\HandleExceptions->handleError(2, 'file_put_conten...', 'C:\\\\WEBSERVER\\\\da...', 135, Array)
#1 C:\\WEBSERVER\\data\\htdocs\\apki-api\\exchange\\vendor\\laravel\\framework\\src\\Illuminate\\Filesystem\\Filesystem.php(135): file_put_contents('C:\\\\WEBSERVER\\\\da...', '<?php $__env->s...', 0)
#2 C:\\WEBSERVER\\data\\htdocs\\apki-api\\exchange\\vendor\\laravel\\framework\\src\\Illuminate\\View\\Compilers\\BladeCompiler.php(150): Illuminate\\Filesystem\\Filesystem->put('C:\\\\WEBSERVER\\\\da...', '<?php $__env->s...')
#3 C:\\WEBSERVER\\data\\htdocs\\apki-api\\exchange\\vendor\\laravel\\framework\\src\\Illuminate\\View\\Engines\\CompilerEngine.php(51): Illuminate\\View\\Compilers\\BladeCompiler->compile('C:\\\\WEBSERVER\\\\da...')
#4 C:\\WEBSERVER\\data\\htdocs\\apki-api\\exchange\\vendor\\facade\\ignition\\src\\Views\\Engines\\CompilerEngine.php(37): Illuminate\\View\\Engines\\CompilerEngine->get('C:\\\\WEBSERVER\\\\da...', Array)
#5 C:\\WEBSERVER\\data\\htdocs\\apki-api\\exchange\\vendor\\laravel\\framework\\src\\Illuminate\\View\\View.php(139): Facade\\Ignition\\Views\\Engines\\CompilerEngine->get('C:\\\\WEBSERVER\\\\da...', Array)
#6 C:\\WEBSERVER\\data\\htdocs\\apki-api\\exchange\\vendor\\laravel\\framework\\src\\Illuminate\\View\\View.php(122): Illuminate\\View\\View->getContents()
#7 C:\\WEBSERVER\\data\\htdocs\\apki-api\\exchange\\vendor\\laravel\\framework\\src\\Illuminate\\View\\View.php(91): Illuminate\\View\\View->renderContents()
#8 C:\\WEBSERVER\\data\\htdocs\\apki-api\\exchange\\vendor\\laravel\\framework\\src\\Illuminate\\Http\\Response.php(62): Illuminate\\View\\View->render()
#9 C:\\WEBSERVER\\data\\htdocs\\apki-api\\exchange\\vendor\\laravel\\framework\\src\\Illuminate\\Http\\Response.php(34): Illuminate\\Http\\Response->setContent(Object(Illuminate\\View\\View))
#10 C:\\WEBSERVER\\data\\htdocs\\apki-api\\exchange\\vendor\\laravel\\framework\\src\\Illuminate\\Routing\\ResponseFactory.php(55): Illuminate\\Http\\Response->__construct(Object(Illuminate\\View\\View), 500, Array)
#11 C:\\WEBSERVER\\data\\htdocs\\apki-api\\exchange\\vendor\\laravel\\framework\\src\\Illuminate\\Routing\\ResponseFactory.php(85): Illuminate\\Routing\\ResponseFactory->make(Object(Illuminate\\View\\View), 500, Array)
#12 C:\\WEBSERVER\\data\\htdocs\\apki-api\\exchange\\vendor\\laravel\\framework\\src\\Illuminate\\Foundation\\Exceptions\\Handler.php(408): Illuminate\\Routing\\ResponseFactory->view('errors::500', Array, 500, Array)
#13 C:\\WEBSERVER\\data\\htdocs\\apki-api\\exchange\\vendor\\laravel\\framework\\src\\Illuminate\\Foundation\\Exceptions\\Handler.php(313): Illuminate\\Foundation\\Exceptions\\Handler->renderHttpException(Object(Symfony\\Component\\HttpKernel\\Exception\\HttpException))
#14 C:\\WEBSERVER\\data\\htdocs\\apki-api\\exchange\\vendor\\laravel\\framework\\src\\Illuminate\\Foundation\\Exceptions\\Handler.php(210): Illuminate\\Foundation\\Exceptions\\Handler->prepareResponse(Object(Illuminate\\Http\\Request), Object(Symfony\\Component\\HttpKernel\\Exception\\HttpException))
#15 C:\\WEBSERVER\\data\\htdocs\\apki-api\\exchange\\app\\Exceptions\\Handler.php(53): Illuminate\\Foundation\\Exceptions\\Handler->render(Object(Illuminate\\Http\\Request), Object(ErrorException))
#16 C:\\WEBSERVER\\data\\htdocs\\apki-api\\exchange\\vendor\\laravel\\framework\\src\\Illuminate\\Routing\\Pipeline.php(51): App\\Exceptions\\Handler->render(Object(Illuminate\\Http\\Request), Object(ErrorException))
#17 C:\\WEBSERVER\\data\\htdocs\\apki-api\\exchange\\vendor\\laravel\\framework\\src\\Illuminate\\Pipeline\\Pipeline.php(172): Illuminate\\Routing\\Pipeline->handleException(Object(Illuminate\\Http\\Request), Object(ErrorException))
#18 C:\\WEBSERVER\\data\\htdocs\\apki-api\\exchange\\vendor\\fideloper\\proxy\\src\\TrustProxies.php(57): Illuminate\\Pipeline\\Pipeline->Illuminate\\Pipeline\\{closure}(Object(Illuminate\\Http\\Request))
#19 C:\\WEBSERVER\\data\\htdocs\\apki-api\\exchange\\vendor\\laravel\\framework\\src\\Illuminate\\Pipeline\\Pipeline.php(167): Fideloper\\Proxy\\TrustProxies->handle(Object(Illuminate\\Http\\Request), Object(Closure))
#20 C:\\WEBSERVER\\data\\htdocs\\apki-api\\exchange\\vendor\\laravel\\framework\\src\\Illuminate\\Pipeline\\Pipeline.php(103): Illuminate\\Pipeline\\Pipeline->Illuminate\\Pipeline\\{closure}(Object(Illuminate\\Http\\Request))
#21 C:\\WEBSERVER\\data\\htdocs\\apki-api\\exchange\\vendor\\laravel\\framework\\src\\Illuminate\\Foundation\\Http\\Kernel.php(140): Illuminate\\Pipeline\\Pipeline->then(Object(Closure))
#22 C:\\WEBSERVER\\data\\htdocs\\apki-api\\exchange\\vendor\\laravel\\framework\\src\\Illuminate\\Foundation\\Http\\Kernel.php(109): Illuminate\\Foundation\\Http\\Kernel->sendRequestThroughRouter(Object(Illuminate\\Http\\Request))
#23 C:\\WEBSERVER\\data\\htdocs\\apki-api\\exchange\\public\\index.php(55): Illuminate\\Foundation\\Http\\Kernel->handle(Object(Illuminate\\Http\\Request))
#24 C:\\WEBSERVER\\data\\htdocs\\apki-api\\exchange\\index.php(21): require_once('C:\\\\WEBSERVER\\\\da...')
#25 {main}
"} 
[2020-07-09 14:52:33] local.ERROR: file_put_contents(C:\WEBSERVER\data\htdocs\apki-api\storage\framework\views/4caa3ad5b53ca9c446d3a11c681dbb04412bff5f.php): failed to open stream: No such file or directory {"exception":"[object] (ErrorException(code: 0): file_put_contents(C:\\WEBSERVER\\data\\htdocs\\apki-api\\storage\\framework\\views/4caa3ad5b53ca9c446d3a11c681dbb04412bff5f.php): failed to open stream: No such file or directory at C:\\WEBSERVER\\data\\htdocs\\apki-api\\exchange\\vendor\\laravel\\framework\\src\\Illuminate\\Filesystem\\Filesystem.php:135)
[stacktrace]
#0 [internal function]: Illuminate\\Foundation\\Bootstrap\\HandleExceptions->handleError(2, 'file_put_conten...', 'C:\\\\WEBSERVER\\\\da...', 135, Array)
#1 C:\\WEBSERVER\\data\\htdocs\\apki-api\\exchange\\vendor\\laravel\\framework\\src\\Illuminate\\Filesystem\\Filesystem.php(135): file_put_contents('C:\\\\WEBSERVER\\\\da...', '<?php $__env->s...', 0)
#2 C:\\WEBSERVER\\data\\htdocs\\apki-api\\exchange\\vendor\\laravel\\framework\\src\\Illuminate\\View\\Compilers\\BladeCompiler.php(150): Illuminate\\Filesystem\\Filesystem->put('C:\\\\WEBSERVER\\\\da...', '<?php $__env->s...')
#3 C:\\WEBSERVER\\data\\htdocs\\apki-api\\exchange\\vendor\\laravel\\framework\\src\\Illuminate\\View\\Engines\\CompilerEngine.php(51): Illuminate\\View\\Compilers\\BladeCompiler->compile('C:\\\\WEBSERVER\\\\da...')
#4 C:\\WEBSERVER\\data\\htdocs\\apki-api\\exchange\\vendor\\facade\\ignition\\src\\Views\\Engines\\CompilerEngine.php(37): Illuminate\\View\\Engines\\CompilerEngine->get('C:\\\\WEBSERVER\\\\da...', Array)
#5 C:\\WEBSERVER\\data\\htdocs\\apki-api\\exchange\\vendor\\laravel\\framework\\src\\Illuminate\\View\\View.php(139): Facade\\Ignition\\Views\\Engines\\CompilerEngine->get('C:\\\\WEBSERVER\\\\da...', Array)
#6 C:\\WEBSERVER\\data\\htdocs\\apki-api\\exchange\\vendor\\laravel\\framework\\src\\Illuminate\\View\\View.php(122): Illuminate\\View\\View->getContents()
#7 C:\\WEBSERVER\\data\\htdocs\\apki-api\\exchange\\vendor\\laravel\\framework\\src\\Illuminate\\View\\View.php(91): Illuminate\\View\\View->renderContents()
#8 C:\\WEBSERVER\\data\\htdocs\\apki-api\\exchange\\vendor\\laravel\\framework\\src\\Illuminate\\Http\\Response.php(62): Illuminate\\View\\View->render()
#9 C:\\WEBSERVER\\data\\htdocs\\apki-api\\exchange\\vendor\\laravel\\framework\\src\\Illuminate\\Http\\Response.php(34): Illuminate\\Http\\Response->setContent(Object(Illuminate\\View\\View))
#10 C:\\WEBSERVER\\data\\htdocs\\apki-api\\exchange\\vendor\\laravel\\framework\\src\\Illuminate\\Routing\\ResponseFactory.php(55): Illuminate\\Http\\Response->__construct(Object(Illuminate\\View\\View), 500, Array)
#11 C:\\WEBSERVER\\data\\htdocs\\apki-api\\exchange\\vendor\\laravel\\framework\\src\\Illuminate\\Routing\\ResponseFactory.php(85): Illuminate\\Routing\\ResponseFactory->make(Object(Illuminate\\View\\View), 500, Array)
#12 C:\\WEBSERVER\\data\\htdocs\\apki-api\\exchange\\vendor\\laravel\\framework\\src\\Illuminate\\Foundation\\Exceptions\\Handler.php(408): Illuminate\\Routing\\ResponseFactory->view('errors::500', Array, 500, Array)
#13 C:\\WEBSERVER\\data\\htdocs\\apki-api\\exchange\\vendor\\laravel\\framework\\src\\Illuminate\\Foundation\\Exceptions\\Handler.php(313): Illuminate\\Foundation\\Exceptions\\Handler->renderHttpException(Object(Symfony\\Component\\HttpKernel\\Exception\\HttpException))
#14 C:\\WEBSERVER\\data\\htdocs\\apki-api\\exchange\\vendor\\laravel\\framework\\src\\Illuminate\\Foundation\\Exceptions\\Handler.php(210): Illuminate\\Foundation\\Exceptions\\Handler->prepareResponse(Object(Illuminate\\Http\\Request), Object(Symfony\\Component\\HttpKernel\\Exception\\HttpException))
#15 C:\\WEBSERVER\\data\\htdocs\\apki-api\\exchange\\app\\Exceptions\\Handler.php(53): Illuminate\\Foundation\\Exceptions\\Handler->render(Object(Illuminate\\Http\\Request), Object(ErrorException))
#16 C:\\WEBSERVER\\data\\htdocs\\apki-api\\exchange\\vendor\\laravel\\framework\\src\\Illuminate\\Routing\\Pipeline.php(51): App\\Exceptions\\Handler->render(Object(Illuminate\\Http\\Request), Object(ErrorException))
#17 C:\\WEBSERVER\\data\\htdocs\\apki-api\\exchange\\vendor\\laravel\\framework\\src\\Illuminate\\Pipeline\\Pipeline.php(172): Illuminate\\Routing\\Pipeline->handleException(Object(Illuminate\\Http\\Request), Object(ErrorException))
#18 C:\\WEBSERVER\\data\\htdocs\\apki-api\\exchange\\vendor\\laravel\\framework\\src\\Illuminate\\Pipeline\\Pipeline.php(103): Illuminate\\Pipeline\\Pipeline->Illuminate\\Pipeline\\{closure}(Object(Illuminate\\Http\\Request))
#19 C:\\WEBSERVER\\data\\htdocs\\apki-api\\exchange\\vendor\\laravel\\framework\\src\\Illuminate\\Foundation\\Http\\Kernel.php(140): Illuminate\\Pipeline\\Pipeline->then(Object(Closure))
#20 C:\\WEBSERVER\\data\\htdocs\\apki-api\\exchange\\vendor\\laravel\\framework\\src\\Illuminate\\Foundation\\Http\\Kernel.php(109): Illuminate\\Foundation\\Http\\Kernel->sendRequestThroughRouter(Object(Illuminate\\Http\\Request))
#21 C:\\WEBSERVER\\data\\htdocs\\apki-api\\exchange\\public\\index.php(55): Illuminate\\Foundation\\Http\\Kernel->handle(Object(Illuminate\\Http\\Request))
#22 C:\\WEBSERVER\\data\\htdocs\\apki-api\\exchange\\index.php(21): require_once('C:\\\\WEBSERVER\\\\da...')
#23 {main}
"} 
[2020-07-09 14:52:33] local.ERROR: file_put_contents(C:\WEBSERVER\data\htdocs\apki-api\storage\framework\views/4caa3ad5b53ca9c446d3a11c681dbb04412bff5f.php): failed to open stream: No such file or directory {"exception":"[object] (ErrorException(code: 0): file_put_contents(C:\\WEBSERVER\\data\\htdocs\\apki-api\\storage\\framework\\views/4caa3ad5b53ca9c446d3a11c681dbb04412bff5f.php): failed to open stream: No such file or directory at C:\\WEBSERVER\\data\\htdocs\\apki-api\\exchange\\vendor\\laravel\\framework\\src\\Illuminate\\Filesystem\\Filesystem.php:135)
[stacktrace]
#0 [internal function]: Illuminate\\Foundation\\Bootstrap\\HandleExceptions->handleError(2, 'file_put_conten...', 'C:\\\\WEBSERVER\\\\da...', 135, Array)
#1 C:\\WEBSERVER\\data\\htdocs\\apki-api\\exchange\\vendor\\laravel\\framework\\src\\Illuminate\\Filesystem\\Filesystem.php(135): file_put_contents('C:\\\\WEBSERVER\\\\da...', '<?php $__env->s...', 0)
#2 C:\\WEBSERVER\\data\\htdocs\\apki-api\\exchange\\vendor\\laravel\\framework\\src\\Illuminate\\View\\Compilers\\BladeCompiler.php(150): Illuminate\\Filesystem\\Filesystem->put('C:\\\\WEBSERVER\\\\da...', '<?php $__env->s...')
#3 C:\\WEBSERVER\\data\\htdocs\\apki-api\\exchange\\vendor\\laravel\\framework\\src\\Illuminate\\View\\Engines\\CompilerEngine.php(51): Illuminate\\View\\Compilers\\BladeCompiler->compile('C:\\\\WEBSERVER\\\\da...')
#4 C:\\WEBSERVER\\data\\htdocs\\apki-api\\exchange\\vendor\\facade\\ignition\\src\\Views\\Engines\\CompilerEngine.php(37): Illuminate\\View\\Engines\\CompilerEngine->get('C:\\\\WEBSERVER\\\\da...', Array)
#5 C:\\WEBSERVER\\data\\htdocs\\apki-api\\exchange\\vendor\\laravel\\framework\\src\\Illuminate\\View\\View.php(139): Facade\\Ignition\\Views\\Engines\\CompilerEngine->get('C:\\\\WEBSERVER\\\\da...', Array)
#6 C:\\WEBSERVER\\data\\htdocs\\apki-api\\exchange\\vendor\\laravel\\framework\\src\\Illuminate\\View\\View.php(122): Illuminate\\View\\View->getContents()
#7 C:\\WEBSERVER\\data\\htdocs\\apki-api\\exchange\\vendor\\laravel\\framework\\src\\Illuminate\\View\\View.php(91): Illuminate\\View\\View->renderContents()
#8 C:\\WEBSERVER\\data\\htdocs\\apki-api\\exchange\\vendor\\laravel\\framework\\src\\Illuminate\\Http\\Response.php(62): Illuminate\\View\\View->render()
#9 C:\\WEBSERVER\\data\\htdocs\\apki-api\\exchange\\vendor\\laravel\\framework\\src\\Illuminate\\Http\\Response.php(34): Illuminate\\Http\\Response->setContent(Object(Illuminate\\View\\View))
#10 C:\\WEBSERVER\\data\\htdocs\\apki-api\\exchange\\vendor\\laravel\\framework\\src\\Illuminate\\Routing\\ResponseFactory.php(55): Illuminate\\Http\\Response->__construct(Object(Illuminate\\View\\View), 500, Array)
#11 C:\\WEBSERVER\\data\\htdocs\\apki-api\\exchange\\vendor\\laravel\\framework\\src\\Illuminate\\Routing\\ResponseFactory.php(85): Illuminate\\Routing\\ResponseFactory->make(Object(Illuminate\\View\\View), 500, Array)
#12 C:\\WEBSERVER\\data\\htdocs\\apki-api\\exchange\\vendor\\laravel\\framework\\src\\Illuminate\\Foundation\\Exceptions\\Handler.php(408): Illuminate\\Routing\\ResponseFactory->view('errors::500', Array, 500, Array)
#13 C:\\WEBSERVER\\data\\htdocs\\apki-api\\exchange\\vendor\\laravel\\framework\\src\\Illuminate\\Foundation\\Exceptions\\Handler.php(313): Illuminate\\Foundation\\Exceptions\\Handler->renderHttpException(Object(Symfony\\Component\\HttpKernel\\Exception\\HttpException))
#14 C:\\WEBSERVER\\data\\htdocs\\apki-api\\exchange\\vendor\\laravel\\framework\\src\\Illuminate\\Foundation\\Exceptions\\Handler.php(210): Illuminate\\Foundation\\Exceptions\\Handler->prepareResponse(Object(Illuminate\\Http\\Request), Object(Symfony\\Component\\HttpKernel\\Exception\\HttpException))
#15 C:\\WEBSERVER\\data\\htdocs\\apki-api\\exchange\\app\\Exceptions\\Handler.php(53): Illuminate\\Foundation\\Exceptions\\Handler->render(Object(Illuminate\\Http\\Request), Object(ErrorException))
#16 C:\\WEBSERVER\\data\\htdocs\\apki-api\\exchange\\vendor\\laravel\\framework\\src\\Illuminate\\Foundation\\Http\\Kernel.php(415): App\\Exceptions\\Handler->render(Object(Illuminate\\Http\\Request), Object(ErrorException))
#17 C:\\WEBSERVER\\data\\htdocs\\apki-api\\exchange\\vendor\\laravel\\framework\\src\\Illuminate\\Foundation\\Http\\Kernel.php(113): Illuminate\\Foundation\\Http\\Kernel->renderException(Object(Illuminate\\Http\\Request), Object(ErrorException))
#18 C:\\WEBSERVER\\data\\htdocs\\apki-api\\exchange\\public\\index.php(55): Illuminate\\Foundation\\Http\\Kernel->handle(Object(Illuminate\\Http\\Request))
#19 C:\\WEBSERVER\\data\\htdocs\\apki-api\\exchange\\index.php(21): require_once('C:\\\\WEBSERVER\\\\da...')
#20 {main}
"} 
[2020-07-09 14:52:33] local.ERROR: Uncaught ErrorException: file_put_contents(C:\WEBSERVER\data\htdocs\apki-api\storage\framework\views/4caa3ad5b53ca9c446d3a11c681dbb04412bff5f.php): failed to open stream: No such file or directory in C:\WEBSERVER\data\htdocs\apki-api\exchange\vendor\laravel\framework\src\Illuminate\Filesystem\Filesystem.php:135
Stack trace:
#0 [internal function]: Illuminate\Foundation\Bootstrap\HandleExceptions->handleError(2, 'file_put_conten...', 'C:\\WEBSERVER\\da...', 135, Array)
#1 C:\WEBSERVER\data\htdocs\apki-api\exchange\vendor\laravel\framework\src\Illuminate\Filesystem\Filesystem.php(135): file_put_contents('C:\\WEBSERVER\\da...', '<?php $__env->s...', 0)
#2 C:\WEBSERVER\data\htdocs\apki-api\exchange\vendor\laravel\framework\src\Illuminate\View\Compilers\BladeCompiler.php(150): Illuminate\Filesystem\Filesystem->put('C:\\WEBSERVER\\da...', '<?php $__env->s...')
#3 C:\WEBSERVER\data\htdocs\apki-api\exchange\vendor\laravel\framework\src\Illuminate\View\Engines\CompilerEngine.php(51): Illuminate\View\Compilers\BladeCom {"exception":"[object] (Symfony\\Component\\ErrorHandler\\Error\\FatalError(code: 0): Uncaught ErrorException: file_put_contents(C:\\WEBSERVER\\data\\htdocs\\apki-api\\storage\\framework\\views/4caa3ad5b53ca9c446d3a11c681dbb04412bff5f.php): failed to open stream: No such file or directory in C:\\WEBSERVER\\data\\htdocs\\apki-api\\exchange\\vendor\\laravel\\framework\\src\\Illuminate\\Filesystem\\Filesystem.php:135
Stack trace:
#0 [internal function]: Illuminate\\Foundation\\Bootstrap\\HandleExceptions->handleError(2, 'file_put_conten...', 'C:\\\\WEBSERVER\\\\da...', 135, Array)
#1 C:\\WEBSERVER\\data\\htdocs\\apki-api\\exchange\\vendor\\laravel\\framework\\src\\Illuminate\\Filesystem\\Filesystem.php(135): file_put_contents('C:\\\\WEBSERVER\\\\da...', '<?php $__env->s...', 0)
#2 C:\\WEBSERVER\\data\\htdocs\\apki-api\\exchange\\vendor\\laravel\\framework\\src\\Illuminate\\View\\Compilers\\BladeCompiler.php(150): Illuminate\\Filesystem\\Filesystem->put('C:\\\\WEBSERVER\\\\da...', '<?php $__env->s...')
#3 C:\\WEBSERVER\\data\\htdocs\\apki-api\\exchange\\vendor\\laravel\\framework\\src\\Illuminate\\View\\Engines\\CompilerEngine.php(51): Illuminate\\View\\Compilers\\BladeCom at C:\\WEBSERVER\\data\\htdocs\\apki-api\\exchange\\vendor\\laravel\\framework\\src\\Illuminate\\Filesystem\\Filesystem.php:135)
[stacktrace]
#0 C:\\WEBSERVER\\data\\htdocs\\apki-api\\exchange\\vendor\\laravel\\framework\\src\\Illuminate\\Foundation\\Bootstrap\\HandleExceptions.php(143): Symfony\\Component\\ErrorHandler\\Error\\FatalError->__construct()
#1 C:\\WEBSERVER\\data\\htdocs\\apki-api\\exchange\\vendor\\laravel\\framework\\src\\Illuminate\\Foundation\\Bootstrap\\HandleExceptions.php(130): Illuminate\\Foundation\\Bootstrap\\HandleExceptions->fatalErrorFromPhpError()
#2 C:\\WEBSERVER\\data\\htdocs\\apki-api\\exchange\\vendor\\laravel\\framework\\src\\Illuminate\\Foundation\\Bootstrap\\HandleExceptions.php(0): Illuminate\\Foundation\\Bootstrap\\HandleExceptions->handleShutdown()
#3 {main}
"} 
